[ 2014-07-04T14:29:32+08:00 ] ::1 /ThinkPHP/index.php/Home/Index/index
INFO: [ app_init ] --START--
INFO: Run Behavior\BuildLiteBehavior [ RunTime:0.000019s ]
INFO: [ app_init ] --END-- [ RunTime:0.000398s ]
INFO: [ app_begin ] --START--
INFO: Run Behavior\ReadHtmlCacheBehavior [ RunTime:0.000437s ]
INFO: [ app_begin ] --END-- [ RunTime:0.000503s ]
NOTIC: [8] A session had already been started - ignoring session_start() /Users/fudg/Desktop/www/ThinkPHP/ThinkPHP/Common/functions.php 第 1169 行.
INFO: [ view_parse ] --START--
INFO: [ template_filter ] --START--
INFO: Run Behavior\ContentReplaceBehavior [ RunTime:0.000028s ]
INFO: [ template_filter ] --END-- [ RunTime:0.000076s ]
NOTIC: [8] Undefined variable: data /Users/fudg/Desktop/www/ThinkPHP/Application/Runtime/Cache/Home/2a94b8bda04ff446dcedd42276fc99ee.php 第 26 行.
INFO: Run Behavior\ParseTemplateBehavior [ RunTime:0.006002s ]
INFO: [ view_parse ] --END-- [ RunTime:0.006040s ]
INFO: [ view_filter ] --START--
INFO: Run Behavior\WriteHtmlCacheBehavior [ RunTime:0.007350s ]
INFO: [ view_filter ] --END-- [ RunTime:0.007403s ]
INFO: [ app_end ] --START--
INFO: Run Behavior\ShowPageTraceBehavior [ RunTime:0.001539s ]
INFO: [ app_end ] --END-- [ RunTime:0.001578s ]

[ 2014-07-04T14:29:33+08:00 ] ::1 /ThinkPHP/index.php/Home/Index/index
INFO: [ app_init ] --START--
INFO: Run Behavior\BuildLiteBehavior [ RunTime:0.000011s ]
INFO: [ app_init ] --END-- [ RunTime:0.000228s ]
INFO: [ app_begin ] --START--
INFO: Run Behavior\ReadHtmlCacheBehavior [ RunTime:0.000349s ]
INFO: [ app_begin ] --END-- [ RunTime:0.000395s ]
NOTIC: [8] A session had already been started - ignoring session_start() /Users/fudg/Desktop/www/ThinkPHP/ThinkPHP/Common/functions.php 第 1169 行.
INFO: [ view_parse ] --START--
INFO: [ template_filter ] --START--
INFO: Run Behavior\ContentReplaceBehavior [ RunTime:0.000028s ]
INFO: [ template_filter ] --END-- [ RunTime:0.000076s ]
NOTIC: [8] Undefined variable: data /Users/fudg/Desktop/www/ThinkPHP/Application/Runtime/Cache/Home/2a94b8bda04ff446dcedd42276fc99ee.php 第 26 行.
INFO: Run Behavior\ParseTemplateBehavior [ RunTime:0.004784s ]
INFO: [ view_parse ] --END-- [ RunTime:0.004819s ]
INFO: [ view_filter ] --START--
INFO: Run Behavior\WriteHtmlCacheBehavior [ RunTime:0.000130s ]
INFO: [ view_filter ] --END-- [ RunTime:0.000162s ]
INFO: [ app_end ] --START--
INFO: Run Behavior\ShowPageTraceBehavior [ RunTime:0.000370s ]
INFO: [ app_end ] --END-- [ RunTime:0.000403s ]

[ 2014-07-04T14:29:34+08:00 ] ::1 /ThinkPHP/index.php/Home/Index/index
INFO: [ app_init ] --START--
INFO: Run Behavior\BuildLiteBehavior [ RunTime:0.000012s ]
INFO: [ app_init ] --END-- [ RunTime:0.000246s ]
INFO: [ app_begin ] --START--
INFO: Run Behavior\ReadHtmlCacheBehavior [ RunTime:0.000492s ]
INFO: [ app_begin ] --END-- [ RunTime:0.000560s ]
NOTIC: [8] A session had already been started - ignoring session_start() /Users/fudg/Desktop/www/ThinkPHP/ThinkPHP/Common/functions.php 第 1169 行.
INFO: [ view_parse ] --START--
INFO: [ template_filter ] --START--
INFO: Run Behavior\ContentReplaceBehavior [ RunTime:0.000027s ]
INFO: [ template_filter ] --END-- [ RunTime:0.000076s ]
NOTIC: [8] Undefined variable: data /Users/fudg/Desktop/www/ThinkPHP/Application/Runtime/Cache/Home/2a94b8bda04ff446dcedd42276fc99ee.php 第 26 行.
INFO: Run Behavior\ParseTemplateBehavior [ RunTime:0.006923s ]
INFO: [ view_parse ] --END-- [ RunTime:0.006966s ]
INFO: [ view_filter ] --START--
INFO: Run Behavior\WriteHtmlCacheBehavior [ RunTime:0.000117s ]
INFO: [ view_filter ] --END-- [ RunTime:0.000146s ]
INFO: [ app_end ] --START--
INFO: Run Behavior\ShowPageTraceBehavior [ RunTime:0.000345s ]
INFO: [ app_end ] --END-- [ RunTime:0.000376s ]

[ 2014-07-04T14:29:39+08:00 ] ::1 /ThinkPHP/index.php/Home/Index/index
INFO: [ app_init ] --START--
INFO: Run Behavior\BuildLiteBehavior [ RunTime:0.000012s ]
INFO: [ app_init ] --END-- [ RunTime:0.000230s ]
INFO: [ app_begin ] --START--
INFO: Run Behavior\ReadHtmlCacheBehavior [ RunTime:0.000489s ]
INFO: [ app_begin ] --END-- [ RunTime:0.000551s ]
NOTIC: [8] A session had already been started - ignoring session_start() /Users/fudg/Desktop/www/ThinkPHP/ThinkPHP/Common/functions.php 第 1169 行.
NOTIC: [2048] Declaration of Home\Model\ApiModel::_after_select() should be compatible with Think\Model::_after_select(&$resultSet, $options) /Users/fudg/Desktop/www/ThinkPHP/Application/Home/Model/ProjectModel.class.php 第 11 行.
NOTIC: [2] mysql_connect(): No such file or directory /Users/fudg/Desktop/www/ThinkPHP/ThinkPHP/Library/Think/Db/Driver/Mysql.class.php 第 52 行.
ERR: No such file or directory

[ 2014-07-04T14:29:40+08:00 ] ::1 /ThinkPHP/index.php/Home/Index/index
INFO: [ app_init ] --START--
INFO: Run Behavior\BuildLiteBehavior [ RunTime:0.000013s ]
INFO: [ app_init ] --END-- [ RunTime:0.000276s ]
INFO: [ app_begin ] --START--
INFO: Run Behavior\ReadHtmlCacheBehavior [ RunTime:0.000301s ]
INFO: [ app_begin ] --END-- [ RunTime:0.000337s ]
NOTIC: [8] A session had already been started - ignoring session_start() /Users/fudg/Desktop/www/ThinkPHP/ThinkPHP/Common/functions.php 第 1169 行.
NOTIC: [2048] Declaration of Home\Model\ApiModel::_after_select() should be compatible with Think\Model::_after_select(&$resultSet, $options) /Users/fudg/Desktop/www/ThinkPHP/Application/Home/Model/ProjectModel.class.php 第 11 行.
NOTIC: [2] mysql_connect(): No such file or directory /Users/fudg/Desktop/www/ThinkPHP/ThinkPHP/Library/Think/Db/Driver/Mysql.class.php 第 52 行.
ERR: No such file or directory

[ 2014-07-04T14:29:40+08:00 ] ::1 /ThinkPHP/index.php/Home/Index/index
INFO: [ app_init ] --START--
INFO: Run Behavior\BuildLiteBehavior [ RunTime:0.000012s ]
INFO: [ app_init ] --END-- [ RunTime:0.000248s ]
INFO: [ app_begin ] --START--
INFO: Run Behavior\ReadHtmlCacheBehavior [ RunTime:0.000579s ]
INFO: [ app_begin ] --END-- [ RunTime:0.000646s ]
NOTIC: [8] A session had already been started - ignoring session_start() /Users/fudg/Desktop/www/ThinkPHP/ThinkPHP/Common/functions.php 第 1169 行.
NOTIC: [2048] Declaration of Home\Model\ApiModel::_after_select() should be compatible with Think\Model::_after_select(&$resultSet, $options) /Users/fudg/Desktop/www/ThinkPHP/Application/Home/Model/ProjectModel.class.php 第 11 行.
NOTIC: [2] mysql_connect(): No such file or directory /Users/fudg/Desktop/www/ThinkPHP/ThinkPHP/Library/Think/Db/Driver/Mysql.class.php 第 52 行.
ERR: No such file or directory

[ 2014-07-04T14:30:31+08:00 ] ::1 /ThinkPHP/index.php/Home/Index/index
INFO: [ app_init ] --START--
INFO: Run Behavior\BuildLiteBehavior [ RunTime:0.000011s ]
INFO: [ app_init ] --END-- [ RunTime:0.000258s ]
INFO: [ app_begin ] --START--
INFO: Run Behavior\ReadHtmlCacheBehavior [ RunTime:0.000286s ]
INFO: [ app_begin ] --END-- [ RunTime:0.000322s ]
NOTIC: [8] A session had already been started - ignoring session_start() /Users/fudg/Desktop/www/ThinkPHP/ThinkPHP/Common/functions.php 第 1169 行.
NOTIC: [2048] Declaration of Home\Model\ApiModel::_after_select() should be compatible with Think\Model::_after_select(&$resultSet, $options) /Users/fudg/Desktop/www/ThinkPHP/Application/Home/Model/ProjectModel.class.php 第 11 行.
NOTIC: [2] mysql_connect(): No such file or directory /Users/fudg/Desktop/www/ThinkPHP/ThinkPHP/Library/Think/Db/Driver/Mysql.class.php 第 52 行.
ERR: No such file or directory

[ 2014-07-04T14:30:31+08:00 ] ::1 /ThinkPHP/index.php/Home/Index/index
INFO: [ app_init ] --START--
INFO: Run Behavior\BuildLiteBehavior [ RunTime:0.000011s ]
INFO: [ app_init ] --END-- [ RunTime:0.000226s ]
INFO: [ app_begin ] --START--
INFO: Run Behavior\ReadHtmlCacheBehavior [ RunTime:0.000287s ]
INFO: [ app_begin ] --END-- [ RunTime:0.000322s ]
NOTIC: [8] A session had already been started - ignoring session_start() /Users/fudg/Desktop/www/ThinkPHP/ThinkPHP/Common/functions.php 第 1169 行.
NOTIC: [2048] Declaration of Home\Model\ApiModel::_after_select() should be compatible with Think\Model::_after_select(&$resultSet, $options) /Users/fudg/Desktop/www/ThinkPHP/Application/Home/Model/ProjectModel.class.php 第 11 行.
NOTIC: [2] mysql_connect(): No such file or directory /Users/fudg/Desktop/www/ThinkPHP/ThinkPHP/Library/Think/Db/Driver/Mysql.class.php 第 52 行.
ERR: No such file or directory

[ 2014-07-04T14:30:32+08:00 ] ::1 /ThinkPHP/index.php/Home/Index/index
INFO: [ app_init ] --START--
INFO: Run Behavior\BuildLiteBehavior [ RunTime:0.000013s ]
INFO: [ app_init ] --END-- [ RunTime:0.000250s ]
INFO: [ app_begin ] --START--
INFO: Run Behavior\ReadHtmlCacheBehavior [ RunTime:0.000342s ]
INFO: [ app_begin ] --END-- [ RunTime:0.000389s ]
NOTIC: [8] A session had already been started - ignoring session_start() /Users/fudg/Desktop/www/ThinkPHP/ThinkPHP/Common/functions.php 第 1169 行.
NOTIC: [2048] Declaration of Home\Model\ApiModel::_after_select() should be compatible with Think\Model::_after_select(&$resultSet, $options) /Users/fudg/Desktop/www/ThinkPHP/Application/Home/Model/ProjectModel.class.php 第 11 行.
NOTIC: [2] mysql_connect(): No such file or directory /Users/fudg/Desktop/www/ThinkPHP/ThinkPHP/Library/Think/Db/Driver/Mysql.class.php 第 52 行.
ERR: No such file or directory

[ 2014-07-04T14:30:32+08:00 ] ::1 /ThinkPHP/index.php/Home/Index/index
INFO: [ app_init ] --START--
INFO: Run Behavior\BuildLiteBehavior [ RunTime:0.000011s ]
INFO: [ app_init ] --END-- [ RunTime:0.000228s ]
INFO: [ app_begin ] --START--
INFO: Run Behavior\ReadHtmlCacheBehavior [ RunTime:0.000290s ]
INFO: [ app_begin ] --END-- [ RunTime:0.000326s ]
NOTIC: [8] A session had already been started - ignoring session_start() /Users/fudg/Desktop/www/ThinkPHP/ThinkPHP/Common/functions.php 第 1169 行.
NOTIC: [2048] Declaration of Home\Model\ApiModel::_after_select() should be compatible with Think\Model::_after_select(&$resultSet, $options) /Users/fudg/Desktop/www/ThinkPHP/Application/Home/Model/ProjectModel.class.php 第 11 行.
NOTIC: [2] mysql_connect(): No such file or directory /Users/fudg/Desktop/www/ThinkPHP/ThinkPHP/Library/Think/Db/Driver/Mysql.class.php 第 52 行.
ERR: No such file or directory

[ 2014-07-04T14:30:33+08:00 ] ::1 /ThinkPHP/index.php/Home/Index/index
INFO: [ app_init ] --START--
INFO: Run Behavior\BuildLiteBehavior [ RunTime:0.000011s ]
INFO: [ app_init ] --END-- [ RunTime:0.000231s ]
INFO: [ app_begin ] --START--
INFO: Run Behavior\ReadHtmlCacheBehavior [ RunTime:0.000289s ]
INFO: [ app_begin ] --END-- [ RunTime:0.000334s ]
NOTIC: [8] A session had already been started - ignoring session_start() /Users/fudg/Desktop/www/ThinkPHP/ThinkPHP/Common/functions.php 第 1169 行.
NOTIC: [2048] Declaration of Home\Model\ApiModel::_after_select() should be compatible with Think\Model::_after_select(&$resultSet, $options) /Users/fudg/Desktop/www/ThinkPHP/Application/Home/Model/ProjectModel.class.php 第 11 行.
NOTIC: [2] mysql_connect(): No such file or directory /Users/fudg/Desktop/www/ThinkPHP/ThinkPHP/Library/Think/Db/Driver/Mysql.class.php 第 52 行.
ERR: No such file or directory

[ 2014-07-04T14:30:33+08:00 ] ::1 /ThinkPHP/index.php/Home/Index/index
INFO: [ app_init ] --START--
INFO: Run Behavior\BuildLiteBehavior [ RunTime:0.000012s ]
INFO: [ app_init ] --END-- [ RunTime:0.000229s ]
INFO: [ app_begin ] --START--
INFO: Run Behavior\ReadHtmlCacheBehavior [ RunTime:0.000358s ]
INFO: [ app_begin ] --END-- [ RunTime:0.000405s ]
NOTIC: [8] A session had already been started - ignoring session_start() /Users/fudg/Desktop/www/ThinkPHP/ThinkPHP/Common/functions.php 第 1169 行.
NOTIC: [2048] Declaration of Home\Model\ApiModel::_after_select() should be compatible with Think\Model::_after_select(&$resultSet, $options) /Users/fudg/Desktop/www/ThinkPHP/Application/Home/Model/ProjectModel.class.php 第 11 行.
NOTIC: [2] mysql_connect(): No such file or directory /Users/fudg/Desktop/www/ThinkPHP/ThinkPHP/Library/Think/Db/Driver/Mysql.class.php 第 52 行.
ERR: No such file or directory

[ 2014-07-04T14:30:43+08:00 ] ::1 /ThinkPHP/index.php/Home/Index/index
INFO: [ app_init ] --START--
INFO: Run Behavior\BuildLiteBehavior [ RunTime:0.000020s ]
INFO: [ app_init ] --END-- [ RunTime:0.000430s ]
INFO: [ app_begin ] --START--
INFO: Run Behavior\ReadHtmlCacheBehavior [ RunTime:0.000604s ]
INFO: [ app_begin ] --END-- [ RunTime:0.000692s ]
NOTIC: [8] A session had already been started - ignoring session_start() /Users/fudg/Desktop/www/ThinkPHP/ThinkPHP/Common/functions.php 第 1169 行.
NOTIC: [2048] Declaration of Home\Model\ApiModel::_after_select() should be compatible with Think\Model::_after_select(&$resultSet, $options) /Users/fudg/Desktop/www/ThinkPHP/Application/Home/Model/ProjectModel.class.php 第 11 行.
NOTIC: [2] mysql_connect(): No such file or directory /Users/fudg/Desktop/www/ThinkPHP/ThinkPHP/Library/Think/Db/Driver/Mysql.class.php 第 52 行.
ERR: No such file or directory
NOTIC: [2] Cannot modify header information - headers already sent by (output started at /Users/fudg/Desktop/www/ThinkPHP/Application/Home/Controller/IndexController.class.php:7) /Users/fudg/Desktop/www/ThinkPHP/ThinkPHP/Library/Think/Think.class.php 第 229 行.
NOTIC: [2] Cannot modify header information - headers already sent by (output started at /Users/fudg/Desktop/www/ThinkPHP/Application/Home/Controller/IndexController.class.php:7) /Users/fudg/Desktop/www/ThinkPHP/ThinkPHP/Library/Think/Think.class.php 第 230 行.

[ 2014-07-04T14:31:59+08:00 ] ::1 /ThinkPHP/index.php/Home/Index/index
INFO: [ app_init ] --START--
INFO: Run Behavior\BuildLiteBehavior [ RunTime:0.000015s ]
INFO: [ app_init ] --END-- [ RunTime:0.000288s ]
INFO: [ app_begin ] --START--
INFO: Run Behavior\ReadHtmlCacheBehavior [ RunTime:0.000319s ]
INFO: [ app_begin ] --END-- [ RunTime:0.000360s ]
NOTIC: [8] A session had already been started - ignoring session_start() /Users/fudg/Desktop/www/ThinkPHP/ThinkPHP/Common/functions.php 第 1169 行.
NOTIC: [2048] Declaration of Home\Model\ApiModel::_after_select() should be compatible with Think\Model::_after_select(&$resultSet, $options) /Users/fudg/Desktop/www/ThinkPHP/Application/Home/Model/ProjectModel.class.php 第 11 行.
NOTIC: [2] mysql_connect(): No such file or directory /Users/fudg/Desktop/www/ThinkPHP/ThinkPHP/Library/Think/Db/Driver/Mysql.class.php 第 52 行.
ERR: No such file or directory

[ 2014-07-04T14:39:14+08:00 ] ::1 /ThinkPHP/index.php/Home/Index/index
INFO: [ app_init ] --START--
INFO: Run Behavior\BuildLiteBehavior [ RunTime:0.000011s ]
INFO: [ app_init ] --END-- [ RunTime:0.000232s ]
INFO: [ app_begin ] --START--
INFO: Run Behavior\ReadHtmlCacheBehavior [ RunTime:0.000302s ]
INFO: [ app_begin ] --END-- [ RunTime:0.000339s ]
NOTIC: [8] A session had already been started - ignoring session_start() /Users/fudg/Desktop/www/ThinkPHP/ThinkPHP/Common/functions.php 第 1169 行.
NOTIC: [2048] Declaration of Home\Model\ApiModel::_after_select() should be compatible with Think\Model::_after_select(&$resultSet, $options) /Users/fudg/Desktop/www/ThinkPHP/Application/Home/Model/ProjectModel.class.php 第 11 行.
NOTIC: [2] mysql_connect(): No such file or directory /Users/fudg/Desktop/www/ThinkPHP/ThinkPHP/Library/Think/Db/Driver/Mysql.class.php 第 52 行.
ERR: No such file or directory

[ 2014-07-04T14:39:15+08:00 ] ::1 /ThinkPHP/index.php/Home/Index/index
INFO: [ app_init ] --START--
INFO: Run Behavior\BuildLiteBehavior [ RunTime:0.000014s ]
INFO: [ app_init ] --END-- [ RunTime:0.000294s ]
INFO: [ app_begin ] --START--
INFO: Run Behavior\ReadHtmlCacheBehavior [ RunTime:0.000362s ]
INFO: [ app_begin ] --END-- [ RunTime:0.000418s ]
NOTIC: [8] A session had already been started - ignoring session_start() /Users/fudg/Desktop/www/ThinkPHP/ThinkPHP/Common/functions.php 第 1169 行.
NOTIC: [2048] Declaration of Home\Model\ApiModel::_after_select() should be compatible with Think\Model::_after_select(&$resultSet, $options) /Users/fudg/Desktop/www/ThinkPHP/Application/Home/Model/ProjectModel.class.php 第 11 行.
NOTIC: [2] mysql_connect(): No such file or directory /Users/fudg/Desktop/www/ThinkPHP/ThinkPHP/Library/Think/Db/Driver/Mysql.class.php 第 52 行.
ERR: No such file or directory

[ 2014-07-04T14:39:15+08:00 ] ::1 /ThinkPHP/index.php/Home/Index/index
INFO: [ app_init ] --START--
INFO: Run Behavior\BuildLiteBehavior [ RunTime:0.000011s ]
INFO: [ app_init ] --END-- [ RunTime:0.000228s ]
INFO: [ app_begin ] --START--
INFO: Run Behavior\ReadHtmlCacheBehavior [ RunTime:0.000303s ]
INFO: [ app_begin ] --END-- [ RunTime:0.000352s ]
NOTIC: [8] A session had already been started - ignoring session_start() /Users/fudg/Desktop/www/ThinkPHP/ThinkPHP/Common/functions.php 第 1169 行.
NOTIC: [2048] Declaration of Home\Model\ApiModel::_after_select() should be compatible with Think\Model::_after_select(&$resultSet, $options) /Users/fudg/Desktop/www/ThinkPHP/Application/Home/Model/ProjectModel.class.php 第 11 行.
NOTIC: [2] mysql_connect(): No such file or directory /Users/fudg/Desktop/www/ThinkPHP/ThinkPHP/Library/Think/Db/Driver/Mysql.class.php 第 52 行.
ERR: No such file or directory

[ 2014-07-04T14:39:15+08:00 ] ::1 /ThinkPHP/index.php/Home/Index/index
INFO: [ app_init ] --START--
INFO: Run Behavior\BuildLiteBehavior [ RunTime:0.000012s ]
INFO: [ app_init ] --END-- [ RunTime:0.000261s ]
INFO: [ app_begin ] --START--
INFO: Run Behavior\ReadHtmlCacheBehavior [ RunTime:0.000496s ]
INFO: [ app_begin ] --END-- [ RunTime:0.000534s ]
NOTIC: [8] A session had already been started - ignoring session_start() /Users/fudg/Desktop/www/ThinkPHP/ThinkPHP/Common/functions.php 第 1169 行.
NOTIC: [2048] Declaration of Home\Model\ApiModel::_after_select() should be compatible with Think\Model::_after_select(&$resultSet, $options) /Users/fudg/Desktop/www/ThinkPHP/Application/Home/Model/ProjectModel.class.php 第 11 行.
NOTIC: [2] mysql_connect(): No such file or directory /Users/fudg/Desktop/www/ThinkPHP/ThinkPHP/Library/Think/Db/Driver/Mysql.class.php 第 52 行.
ERR: No such file or directory

[ 2014-07-04T14:39:17+08:00 ] ::1 /ThinkPHP/index.php/Home/Index/index
INFO: [ app_init ] --START--
INFO: Run Behavior\BuildLiteBehavior [ RunTime:0.000013s ]
INFO: [ app_init ] --END-- [ RunTime:0.000258s ]
INFO: [ app_begin ] --START--
INFO: Run Behavior\ReadHtmlCacheBehavior [ RunTime:0.000352s ]
INFO: [ app_begin ] --END-- [ RunTime:0.000399s ]
NOTIC: [8] A session had already been started - ignoring session_start() /Users/fudg/Desktop/www/ThinkPHP/ThinkPHP/Common/functions.php 第 1169 行.
NOTIC: [2048] Declaration of Home\Model\ApiModel::_after_select() should be compatible with Think\Model::_after_select(&$resultSet, $options) /Users/fudg/Desktop/www/ThinkPHP/Application/Home/Model/ProjectModel.class.php 第 11 行.
NOTIC: [2] mysql_connect(): No such file or directory /Users/fudg/Desktop/www/ThinkPHP/ThinkPHP/Library/Think/Db/Driver/Mysql.class.php 第 52 行.
ERR: No such file or directory

[ 2014-07-04T14:39:17+08:00 ] ::1 /ThinkPHP/index.php/Home/Index/index
INFO: [ app_init ] --START--
INFO: Run Behavior\BuildLiteBehavior [ RunTime:0.000013s ]
INFO: [ app_init ] --END-- [ RunTime:0.000230s ]
INFO: [ app_begin ] --START--
INFO: Run Behavior\ReadHtmlCacheBehavior [ RunTime:0.000321s ]
INFO: [ app_begin ] --END-- [ RunTime:0.000358s ]
NOTIC: [8] A session had already been started - ignoring session_start() /Users/fudg/Desktop/www/ThinkPHP/ThinkPHP/Common/functions.php 第 1169 行.
NOTIC: [2048] Declaration of Home\Model\ApiModel::_after_select() should be compatible with Think\Model::_after_select(&$resultSet, $options) /Users/fudg/Desktop/www/ThinkPHP/Application/Home/Model/ProjectModel.class.php 第 11 行.
NOTIC: [2] mysql_connect(): No such file or directory /Users/fudg/Desktop/www/ThinkPHP/ThinkPHP/Library/Think/Db/Driver/Mysql.class.php 第 52 行.
ERR: No such file or directory

[ 2014-07-04T14:40:06+08:00 ] ::1 /ThinkPHP/index.php/Home/Index/index
INFO: [ app_init ] --START--
INFO: Run Behavior\BuildLiteBehavior [ RunTime:0.000012s ]
INFO: [ app_init ] --END-- [ RunTime:0.000231s ]
INFO: [ app_begin ] --START--
INFO: Run Behavior\ReadHtmlCacheBehavior [ RunTime:0.000299s ]
INFO: [ app_begin ] --END-- [ RunTime:0.000335s ]
NOTIC: [8] A session had already been started - ignoring session_start() /Users/fudg/Desktop/www/ThinkPHP/ThinkPHP/Common/functions.php 第 1169 行.
NOTIC: [2048] Declaration of Home\Model\ApiModel::_after_select() should be compatible with Think\Model::_after_select(&$resultSet, $options) /Users/fudg/Desktop/www/ThinkPHP/Application/Home/Model/ProjectModel.class.php 第 11 行.
SQL: SHOW COLUMNS FROM `api_project` [ RunTime:0.055657s ]
SQL: SELECT * FROM `api_project`  [ RunTime:0.000328s ]
INFO: [ view_parse ] --START--
INFO: [ template_filter ] --START--
INFO: Run Behavior\ContentReplaceBehavior [ RunTime:0.000047s ]
INFO: [ template_filter ] --END-- [ RunTime:0.000128s ]
INFO: Run Behavior\ParseTemplateBehavior [ RunTime:0.006029s ]
INFO: [ view_parse ] --END-- [ RunTime:0.006073s ]
INFO: [ view_filter ] --START--
INFO: Run Behavior\WriteHtmlCacheBehavior [ RunTime:0.000122s ]
INFO: [ view_filter ] --END-- [ RunTime:0.000157s ]
INFO: [ app_end ] --START--
INFO: Run Behavior\ShowPageTraceBehavior [ RunTime:0.000410s ]
INFO: [ app_end ] --END-- [ RunTime:0.000446s ]

[ 2014-07-04T14:40:07+08:00 ] ::1 /ThinkPHP/index.php/Home/Index/index
INFO: [ app_init ] --START--
INFO: Run Behavior\BuildLiteBehavior [ RunTime:0.000020s ]
INFO: [ app_init ] --END-- [ RunTime:0.000284s ]
INFO: [ app_begin ] --START--
INFO: Run Behavior\ReadHtmlCacheBehavior [ RunTime:0.000439s ]
INFO: [ app_begin ] --END-- [ RunTime:0.000488s ]
NOTIC: [8] A session had already been started - ignoring session_start() /Users/fudg/Desktop/www/ThinkPHP/ThinkPHP/Common/functions.php 第 1169 行.
NOTIC: [2048] Declaration of Home\Model\ApiModel::_after_select() should be compatible with Think\Model::_after_select(&$resultSet, $options) /Users/fudg/Desktop/www/ThinkPHP/Application/Home/Model/ProjectModel.class.php 第 11 行.
SQL: SHOW COLUMNS FROM `api_project` [ RunTime:0.052299s ]
SQL: SELECT * FROM `api_project`  [ RunTime:0.000312s ]
INFO: [ view_parse ] --START--
INFO: [ template_filter ] --START--
INFO: Run Behavior\ContentReplaceBehavior [ RunTime:0.000027s ]
INFO: [ template_filter ] --END-- [ RunTime:0.000067s ]
INFO: Run Behavior\ParseTemplateBehavior [ RunTime:0.005200s ]
INFO: [ view_parse ] --END-- [ RunTime:0.005238s ]
INFO: [ view_filter ] --START--
INFO: Run Behavior\WriteHtmlCacheBehavior [ RunTime:0.000099s ]
INFO: [ view_filter ] --END-- [ RunTime:0.000129s ]
INFO: [ app_end ] --START--
INFO: Run Behavior\ShowPageTraceBehavior [ RunTime:0.000372s ]
INFO: [ app_end ] --END-- [ RunTime:0.000412s ]

[ 2014-07-04T14:40:25+08:00 ] ::1 /ThinkPHP/index.php/Home/Index/index
INFO: [ app_init ] --START--
INFO: Run Behavior\BuildLiteBehavior [ RunTime:0.000012s ]
INFO: [ app_init ] --END-- [ RunTime:0.000233s ]
INFO: [ app_begin ] --START--
INFO: Run Behavior\ReadHtmlCacheBehavior [ RunTime:0.000321s ]
INFO: [ app_begin ] --END-- [ RunTime:0.000365s ]
NOTIC: [8] A session had already been started - ignoring session_start() /Users/fudg/Desktop/www/ThinkPHP/ThinkPHP/Common/functions.php 第 1169 行.
NOTIC: [2048] Declaration of Home\Model\ApiModel::_after_select() should be compatible with Think\Model::_after_select(&$resultSet, $options) /Users/fudg/Desktop/www/ThinkPHP/Application/Home/Model/ProjectModel.class.php 第 11 行.
SQL: SHOW COLUMNS FROM `api_project` [ RunTime:0.073660s ]
SQL: SELECT * FROM `api_project`  [ RunTime:0.000300s ]
INFO: [ view_parse ] --START--
INFO: [ template_filter ] --START--
INFO: Run Behavior\ContentReplaceBehavior [ RunTime:0.000034s ]
INFO: [ template_filter ] --END-- [ RunTime:0.000090s ]
INFO: Run Behavior\ParseTemplateBehavior [ RunTime:0.005286s ]
INFO: [ view_parse ] --END-- [ RunTime:0.005326s ]
INFO: [ view_filter ] --START--
INFO: Run Behavior\WriteHtmlCacheBehavior [ RunTime:0.000109s ]
INFO: [ view_filter ] --END-- [ RunTime:0.000147s ]
INFO: [ app_end ] --START--
INFO: Run Behavior\ShowPageTraceBehavior [ RunTime:0.000344s ]
INFO: [ app_end ] --END-- [ RunTime:0.000377s ]

[ 2014-07-04T14:40:27+08:00 ] ::1 /ThinkPHP/index.php/Home/Index/index
INFO: [ app_init ] --START--
INFO: Run Behavior\BuildLiteBehavior [ RunTime:0.000012s ]
INFO: [ app_init ] --END-- [ RunTime:0.000244s ]
INFO: [ app_begin ] --START--
INFO: Run Behavior\ReadHtmlCacheBehavior [ RunTime:0.000372s ]
INFO: [ app_begin ] --END-- [ RunTime:0.000423s ]
NOTIC: [8] A session had already been started - ignoring session_start() /Users/fudg/Desktop/www/ThinkPHP/ThinkPHP/Common/functions.php 第 1169 行.
NOTIC: [2048] Declaration of Home\Model\ApiModel::_after_select() should be compatible with Think\Model::_after_select(&$resultSet, $options) /Users/fudg/Desktop/www/ThinkPHP/Application/Home/Model/ProjectModel.class.php 第 11 行.
SQL: SHOW COLUMNS FROM `api_project` [ RunTime:0.092184s ]
SQL: SELECT * FROM `api_project`  [ RunTime:0.000296s ]
INFO: [ view_parse ] --START--
INFO: [ template_filter ] --START--
INFO: Run Behavior\ContentReplaceBehavior [ RunTime:0.000030s ]
INFO: [ template_filter ] --END-- [ RunTime:0.000077s ]
INFO: Run Behavior\ParseTemplateBehavior [ RunTime:0.004916s ]
INFO: [ view_parse ] --END-- [ RunTime:0.004976s ]
INFO: [ view_filter ] --START--
INFO: Run Behavior\WriteHtmlCacheBehavior [ RunTime:0.000119s ]
INFO: [ view_filter ] --END-- [ RunTime:0.000153s ]
INFO: [ app_end ] --START--
INFO: Run Behavior\ShowPageTraceBehavior [ RunTime:0.000365s ]
INFO: [ app_end ] --END-- [ RunTime:0.000404s ]

[ 2014-07-04T14:40:29+08:00 ] ::1 /ThinkPHP/index.php/Home/Index/index
INFO: [ app_init ] --START--
INFO: Run Behavior\BuildLiteBehavior [ RunTime:0.000011s ]
INFO: [ app_init ] --END-- [ RunTime:0.000222s ]
INFO: [ app_begin ] --START--
INFO: Run Behavior\ReadHtmlCacheBehavior [ RunTime:0.000896s ]
INFO: [ app_begin ] --END-- [ RunTime:0.000995s ]
NOTIC: [8] A session had already been started - ignoring session_start() /Users/fudg/Desktop/www/ThinkPHP/ThinkPHP/Common/functions.php 第 1169 行.
NOTIC: [2048] Declaration of Home\Model\ApiModel::_after_select() should be compatible with Think\Model::_after_select(&$resultSet, $options) /Users/fudg/Desktop/www/ThinkPHP/Application/Home/Model/ProjectModel.class.php 第 11 行.
SQL: SHOW COLUMNS FROM `api_project` [ RunTime:0.050164s ]
SQL: SELECT * FROM `api_project`  [ RunTime:0.000528s ]
INFO: [ view_parse ] --START--
INFO: [ template_filter ] --START--
INFO: Run Behavior\ContentReplaceBehavior [ RunTime:0.000032s ]
INFO: [ template_filter ] --END-- [ RunTime:0.000085s ]
INFO: Run Behavior\ParseTemplateBehavior [ RunTime:0.007326s ]
INFO: [ view_parse ] --END-- [ RunTime:0.007380s ]
INFO: [ view_filter ] --START--
INFO: Run Behavior\WriteHtmlCacheBehavior [ RunTime:0.000119s ]
INFO: [ view_filter ] --END-- [ RunTime:0.000157s ]
INFO: [ app_end ] --START--
INFO: Run Behavior\ShowPageTraceBehavior [ RunTime:0.000514s ]
INFO: [ app_end ] --END-- [ RunTime:0.000576s ]

[ 2014-07-04T14:45:28+08:00 ] ::1 /ThinkPHP/index.php/Home/Index/index
INFO: [ app_init ] --START--
INFO: Run Behavior\BuildLiteBehavior [ RunTime:0.000012s ]
INFO: [ app_init ] --END-- [ RunTime:0.000247s ]
INFO: [ app_begin ] --START--
INFO: Run Behavior\ReadHtmlCacheBehavior [ RunTime:0.000307s ]
INFO: [ app_begin ] --END-- [ RunTime:0.000344s ]
NOTIC: [8] A session had already been started - ignoring session_start() /Users/fudg/Desktop/www/ThinkPHP/ThinkPHP/Common/functions.php 第 1169 行.
NOTIC: [2048] Declaration of Home\Model\ApiModel::_after_select() should be compatible with Think\Model::_after_select(&$resultSet, $options) /Users/fudg/Desktop/www/ThinkPHP/Application/Home/Model/ProjectModel.class.php 第 11 行.
SQL: SHOW COLUMNS FROM `api_project` [ RunTime:0.017622s ]
SQL: SELECT * FROM `api_project`  [ RunTime:0.000367s ]
INFO: [ view_parse ] --START--
INFO: [ template_filter ] --START--
INFO: Run Behavior\ContentReplaceBehavior [ RunTime:0.000056s ]
INFO: [ template_filter ] --END-- [ RunTime:0.000148s ]
INFO: Run Behavior\ParseTemplateBehavior [ RunTime:0.010126s ]
INFO: [ view_parse ] --END-- [ RunTime:0.010208s ]
INFO: [ view_filter ] --START--
INFO: Run Behavior\WriteHtmlCacheBehavior [ RunTime:0.000199s ]
INFO: [ view_filter ] --END-- [ RunTime:0.000278s ]
INFO: [ app_end ] --START--
INFO: Run Behavior\ShowPageTraceBehavior [ RunTime:0.000633s ]
INFO: [ app_end ] --END-- [ RunTime:0.000702s ]

[ 2014-07-04T14:46:09+08:00 ] ::1 /ThinkPHP/index.php/Home/Index/index
INFO: [ app_init ] --START--
INFO: Run Behavior\BuildLiteBehavior [ RunTime:0.000013s ]
INFO: [ app_init ] --END-- [ RunTime:0.000280s ]
INFO: [ app_begin ] --START--
INFO: Run Behavior\ReadHtmlCacheBehavior [ RunTime:0.000299s ]
INFO: [ app_begin ] --END-- [ RunTime:0.000335s ]
NOTIC: [8] A session had already been started - ignoring session_start() /Users/fudg/Desktop/www/ThinkPHP/ThinkPHP/Common/functions.php 第 1169 行.
NOTIC: [2048] Declaration of Home\Model\ApiModel::_after_select() should be compatible with Think\Model::_after_select(&$resultSet, $options) /Users/fudg/Desktop/www/ThinkPHP/Application/Home/Model/ProjectModel.class.php 第 11 行.
SQL: SHOW COLUMNS FROM `api_project` [ RunTime:0.002866s ]
SQL: SELECT * FROM `api_project`  [ RunTime:0.000279s ]
INFO: [ view_parse ] --START--
INFO: [ template_filter ] --START--
INFO: Run Behavior\ContentReplaceBehavior [ RunTime:0.000044s ]
INFO: [ template_filter ] --END-- [ RunTime:0.000104s ]
INFO: Run Behavior\ParseTemplateBehavior [ RunTime:0.004995s ]
INFO: [ view_parse ] --END-- [ RunTime:0.005034s ]
INFO: [ view_filter ] --START--
INFO: Run Behavior\WriteHtmlCacheBehavior [ RunTime:0.000101s ]
INFO: [ view_filter ] --END-- [ RunTime:0.000132s ]
INFO: [ app_end ] --START--
INFO: Run Behavior\ShowPageTraceBehavior [ RunTime:0.000450s ]
INFO: [ app_end ] --END-- [ RunTime:0.000490s ]

[ 2014-07-04T14:46:10+08:00 ] ::1 /ThinkPHP/index.php/Home/Index/index
INFO: [ app_init ] --START--
INFO: Run Behavior\BuildLiteBehavior [ RunTime:0.000013s ]
INFO: [ app_init ] --END-- [ RunTime:0.000305s ]
INFO: [ app_begin ] --START--
INFO: Run Behavior\ReadHtmlCacheBehavior [ RunTime:0.000302s ]
INFO: [ app_begin ] --END-- [ RunTime:0.000336s ]
NOTIC: [8] A session had already been started - ignoring session_start() /Users/fudg/Desktop/www/ThinkPHP/ThinkPHP/Common/functions.php 第 1169 行.
NOTIC: [2048] Declaration of Home\Model\ApiModel::_after_select() should be compatible with Think\Model::_after_select(&$resultSet, $options) /Users/fudg/Desktop/www/ThinkPHP/Application/Home/Model/ProjectModel.class.php 第 11 行.
SQL: SHOW COLUMNS FROM `api_project` [ RunTime:0.078133s ]
SQL: SELECT * FROM `api_project`  [ RunTime:0.000351s ]
INFO: [ view_parse ] --START--
INFO: [ template_filter ] --START--
INFO: Run Behavior\ContentReplaceBehavior [ RunTime:0.000029s ]
INFO: [ template_filter ] --END-- [ RunTime:0.000076s ]
INFO: Run Behavior\ParseTemplateBehavior [ RunTime:0.006418s ]
INFO: [ view_parse ] --END-- [ RunTime:0.006468s ]
INFO: [ view_filter ] --START--
INFO: Run Behavior\WriteHtmlCacheBehavior [ RunTime:0.000100s ]
INFO: [ view_filter ] --END-- [ RunTime:0.000130s ]
INFO: [ app_end ] --START--
INFO: Run Behavior\ShowPageTraceBehavior [ RunTime:0.000397s ]
INFO: [ app_end ] --END-- [ RunTime:0.000439s ]

[ 2014-07-04T14:46:10+08:00 ] ::1 /ThinkPHP/index.php/Home/Index/index
INFO: [ app_init ] --START--
INFO: Run Behavior\BuildLiteBehavior [ RunTime:0.000011s ]
INFO: [ app_init ] --END-- [ RunTime:0.000252s ]
INFO: [ app_begin ] --START--
INFO: Run Behavior\ReadHtmlCacheBehavior [ RunTime:0.000322s ]
INFO: [ app_begin ] --END-- [ RunTime:0.000358s ]
NOTIC: [8] A session had already been started - ignoring session_start() /Users/fudg/Desktop/www/ThinkPHP/ThinkPHP/Common/functions.php 第 1169 行.
NOTIC: [2048] Declaration of Home\Model\ApiModel::_after_select() should be compatible with Think\Model::_after_select(&$resultSet, $options) /Users/fudg/Desktop/www/ThinkPHP/Application/Home/Model/ProjectModel.class.php 第 11 行.
SQL: SHOW COLUMNS FROM `api_project` [ RunTime:0.056081s ]
SQL: SELECT * FROM `api_project`  [ RunTime:0.000273s ]
INFO: [ view_parse ] --START--
INFO: [ template_filter ] --START--
INFO: Run Behavior\ContentReplaceBehavior [ RunTime:0.000025s ]
INFO: [ template_filter ] --END-- [ RunTime:0.000067s ]
INFO: Run Behavior\ParseTemplateBehavior [ RunTime:0.005091s ]
INFO: [ view_parse ] --END-- [ RunTime:0.005130s ]
INFO: [ view_filter ] --START--
INFO: Run Behavior\WriteHtmlCacheBehavior [ RunTime:0.000099s ]
INFO: [ view_filter ] --END-- [ RunTime:0.000129s ]
INFO: [ app_end ] --START--
INFO: Run Behavior\ShowPageTraceBehavior [ RunTime:0.000378s ]
INFO: [ app_end ] --END-- [ RunTime:0.000426s ]

[ 2014-07-04T14:46:11+08:00 ] ::1 /ThinkPHP/index.php/Home/Index/index
INFO: [ app_init ] --START--
INFO: Run Behavior\BuildLiteBehavior [ RunTime:0.000012s ]
INFO: [ app_init ] --END-- [ RunTime:0.000226s ]
INFO: [ app_begin ] --START--
INFO: Run Behavior\ReadHtmlCacheBehavior [ RunTime:0.000299s ]
INFO: [ app_begin ] --END-- [ RunTime:0.000335s ]
NOTIC: [8] A session had already been started - ignoring session_start() /Users/fudg/Desktop/www/ThinkPHP/ThinkPHP/Common/functions.php 第 1169 行.
NOTIC: [2048] Declaration of Home\Model\ApiModel::_after_select() should be compatible with Think\Model::_after_select(&$resultSet, $options) /Users/fudg/Desktop/www/ThinkPHP/Application/Home/Model/ProjectModel.class.php 第 11 行.
SQL: SHOW COLUMNS FROM `api_project` [ RunTime:0.053872s ]
SQL: SELECT * FROM `api_project`  [ RunTime:0.000266s ]
INFO: [ view_parse ] --START--
INFO: [ template_filter ] --START--
INFO: Run Behavior\ContentReplaceBehavior [ RunTime:0.000027s ]
INFO: [ template_filter ] --END-- [ RunTime:0.000094s ]
INFO: Run Behavior\ParseTemplateBehavior [ RunTime:0.005639s ]
INFO: [ view_parse ] --END-- [ RunTime:0.005682s ]
INFO: [ view_filter ] --START--
INFO: Run Behavior\WriteHtmlCacheBehavior [ RunTime:0.000116s ]
INFO: [ view_filter ] --END-- [ RunTime:0.000150s ]
INFO: [ app_end ] --START--
INFO: Run Behavior\ShowPageTraceBehavior [ RunTime:0.000362s ]
INFO: [ app_end ] --END-- [ RunTime:0.000396s ]

[ 2014-07-04T14:46:12+08:00 ] ::1 /ThinkPHP/index.php/Home/Index/index
INFO: [ app_init ] --START--
INFO: Run Behavior\BuildLiteBehavior [ RunTime:0.000014s ]
INFO: [ app_init ] --END-- [ RunTime:0.000256s ]
INFO: [ app_begin ] --START--
INFO: Run Behavior\ReadHtmlCacheBehavior [ RunTime:0.000337s ]
INFO: [ app_begin ] --END-- [ RunTime:0.000395s ]
NOTIC: [8] A session had already been started - ignoring session_start() /Users/fudg/Desktop/www/ThinkPHP/ThinkPHP/Common/functions.php 第 1169 行.
NOTIC: [2048] Declaration of Home\Model\ApiModel::_after_select() should be compatible with Think\Model::_after_select(&$resultSet, $options) /Users/fudg/Desktop/www/ThinkPHP/Application/Home/Model/ProjectModel.class.php 第 11 行.
SQL: SHOW COLUMNS FROM `api_project` [ RunTime:0.054197s ]
SQL: SELECT * FROM `api_project`  [ RunTime:0.000317s ]
INFO: [ view_parse ] --START--
INFO: [ template_filter ] --START--
INFO: Run Behavior\ContentReplaceBehavior [ RunTime:0.000029s ]
INFO: [ template_filter ] --END-- [ RunTime:0.000071s ]
INFO: Run Behavior\ParseTemplateBehavior [ RunTime:0.004806s ]
INFO: [ view_parse ] --END-- [ RunTime:0.004844s ]
INFO: [ view_filter ] --START--
INFO: Run Behavior\WriteHtmlCacheBehavior [ RunTime:0.000097s ]
INFO: [ view_filter ] --END-- [ RunTime:0.000126s ]
INFO: [ app_end ] --START--
INFO: Run Behavior\ShowPageTraceBehavior [ RunTime:0.000341s ]
INFO: [ app_end ] --END-- [ RunTime:0.000373s ]

[ 2014-07-04T14:47:49+08:00 ] ::1 /ThinkPHP/index.php/Home/Index/index
INFO: [ app_init ] --START--
INFO: Run Behavior\BuildLiteBehavior [ RunTime:0.000012s ]
INFO: [ app_init ] --END-- [ RunTime:0.000227s ]
INFO: [ app_begin ] --START--
INFO: Run Behavior\ReadHtmlCacheBehavior [ RunTime:0.000301s ]
INFO: [ app_begin ] --END-- [ RunTime:0.000337s ]
NOTIC: [8] A session had already been started - ignoring session_start() /Users/fudg/Desktop/www/ThinkPHP/ThinkPHP/Common/functions.php 第 1169 行.
NOTIC: [2048] Declaration of Home\Model\ApiModel::_after_select() should be compatible with Think\Model::_after_select(&$resultSet, $options) /Users/fudg/Desktop/www/ThinkPHP/Application/Home/Model/ProjectModel.class.php 第 11 行.
SQL: SHOW COLUMNS FROM `api_project` [ RunTime:0.049434s ]
SQL: SELECT * FROM `api_project`  [ RunTime:0.000272s ]
INFO: [ view_parse ] --START--
INFO: [ template_filter ] --START--
INFO: Run Behavior\ContentReplaceBehavior [ RunTime:0.000026s ]
INFO: [ template_filter ] --END-- [ RunTime:0.000068s ]
INFO: Run Behavior\ParseTemplateBehavior [ RunTime:0.004955s ]
INFO: [ view_parse ] --END-- [ RunTime:0.004999s ]
INFO: [ view_filter ] --START--
INFO: Run Behavior\WriteHtmlCacheBehavior [ RunTime:0.000120s ]
INFO: [ view_filter ] --END-- [ RunTime:0.000155s ]
INFO: [ app_end ] --START--
INFO: Run Behavior\ShowPageTraceBehavior [ RunTime:0.000397s ]
INFO: [ app_end ] --END-- [ RunTime:0.000437s ]

[ 2014-07-04T14:47:50+08:00 ] ::1 /ThinkPHP/index.php/Home/Index/index
INFO: [ app_init ] --START--
INFO: Run Behavior\BuildLiteBehavior [ RunTime:0.000012s ]
INFO: [ app_init ] --END-- [ RunTime:0.000248s ]
INFO: [ app_begin ] --START--
INFO: Run Behavior\ReadHtmlCacheBehavior [ RunTime:0.000291s ]
INFO: [ app_begin ] --END-- [ RunTime:0.000327s ]
NOTIC: [8] A session had already been started - ignoring session_start() /Users/fudg/Desktop/www/ThinkPHP/ThinkPHP/Common/functions.php 第 1169 行.
NOTIC: [2048] Declaration of Home\Model\ApiModel::_after_select() should be compatible with Think\Model::_after_select(&$resultSet, $options) /Users/fudg/Desktop/www/ThinkPHP/Application/Home/Model/ProjectModel.class.php 第 11 行.
SQL: SHOW COLUMNS FROM `api_project` [ RunTime:0.002774s ]
SQL: SELECT * FROM `api_project`  [ RunTime:0.000268s ]
INFO: [ view_parse ] --START--
INFO: [ template_filter ] --START--
INFO: Run Behavior\ContentReplaceBehavior [ RunTime:0.000026s ]
INFO: [ template_filter ] --END-- [ RunTime:0.000070s ]
INFO: Run Behavior\ParseTemplateBehavior [ RunTime:0.006238s ]
INFO: [ view_parse ] --END-- [ RunTime:0.006276s ]
INFO: [ view_filter ] --START--
INFO: Run Behavior\WriteHtmlCacheBehavior [ RunTime:0.000109s ]
INFO: [ view_filter ] --END-- [ RunTime:0.000140s ]
INFO: [ app_end ] --START--
INFO: Run Behavior\ShowPageTraceBehavior [ RunTime:0.000366s ]
INFO: [ app_end ] --END-- [ RunTime:0.000410s ]

[ 2014-07-04T15:05:34+08:00 ] ::1 /ThinkPHP/index.php/Home/Index/index
INFO: [ app_init ] --START--
INFO: Run Behavior\BuildLiteBehavior [ RunTime:0.000019s ]
INFO: [ app_init ] --END-- [ RunTime:0.000878s ]
INFO: [ app_begin ] --START--
INFO: Run Behavior\ReadHtmlCacheBehavior [ RunTime:0.000908s ]
INFO: [ app_begin ] --END-- [ RunTime:0.000964s ]
NOTIC: [8] A session had already been started - ignoring session_start() /Users/fudg/Desktop/www/ThinkPHP/ThinkPHP/Common/functions.php 第 1169 行.
NOTIC: [2048] Declaration of Home\Model\ApiModel::_after_select() should be compatible with Think\Model::_after_select(&$resultSet, $options) /Users/fudg/Desktop/www/ThinkPHP/Application/Home/Model/ProjectModel.class.php 第 11 行.
SQL: SHOW COLUMNS FROM `api_project` [ RunTime:0.047899s ]
SQL: SELECT * FROM `api_project`  [ RunTime:0.000267s ]
INFO: [ view_parse ] --START--
INFO: [ template_filter ] --START--
INFO: Run Behavior\ContentReplaceBehavior [ RunTime:0.000038s ]
INFO: [ template_filter ] --END-- [ RunTime:0.000101s ]
INFO: Run Behavior\ParseTemplateBehavior [ RunTime:0.060256s ]
INFO: [ view_parse ] --END-- [ RunTime:0.060296s ]
INFO: [ view_filter ] --START--
INFO: Run Behavior\WriteHtmlCacheBehavior [ RunTime:0.012988s ]
INFO: [ view_filter ] --END-- [ RunTime:0.013047s ]
INFO: [ app_end ] --START--
INFO: Run Behavior\ShowPageTraceBehavior [ RunTime:0.002157s ]
INFO: [ app_end ] --END-- [ RunTime:0.002234s ]

[ 2014-07-04T15:05:35+08:00 ] ::1 /ThinkPHP/index.php/Home/Index/index
INFO: [ app_init ] --START--
INFO: Run Behavior\BuildLiteBehavior [ RunTime:0.000011s ]
INFO: [ app_init ] --END-- [ RunTime:0.000241s ]
INFO: [ app_begin ] --START--
INFO: Run Behavior\ReadHtmlCacheBehavior [ RunTime:0.000326s ]
INFO: [ app_begin ] --END-- [ RunTime:0.000362s ]
NOTIC: [8] A session had already been started - ignoring session_start() /Users/fudg/Desktop/www/ThinkPHP/ThinkPHP/Common/functions.php 第 1169 行.
NOTIC: [2048] Declaration of Home\Model\ApiModel::_after_select() should be compatible with Think\Model::_after_select(&$resultSet, $options) /Users/fudg/Desktop/www/ThinkPHP/Application/Home/Model/ProjectModel.class.php 第 11 行.
SQL: SHOW COLUMNS FROM `api_project` [ RunTime:0.003294s ]
SQL: SELECT * FROM `api_project`  [ RunTime:0.000308s ]
INFO: [ view_parse ] --START--
INFO: [ template_filter ] --START--
INFO: Run Behavior\ContentReplaceBehavior [ RunTime:0.000028s ]
INFO: [ template_filter ] --END-- [ RunTime:0.000075s ]
INFO: Run Behavior\ParseTemplateBehavior [ RunTime:0.005078s ]
INFO: [ view_parse ] --END-- [ RunTime:0.005117s ]
INFO: [ view_filter ] --START--
INFO: Run Behavior\WriteHtmlCacheBehavior [ RunTime:0.000105s ]
INFO: [ view_filter ] --END-- [ RunTime:0.000136s ]
INFO: [ app_end ] --START--
INFO: Run Behavior\ShowPageTraceBehavior [ RunTime:0.000404s ]
INFO: [ app_end ] --END-- [ RunTime:0.000441s ]

[ 2014-07-04T15:05:36+08:00 ] ::1 /ThinkPHP/index.php/Home/Index/index
INFO: [ app_init ] --START--
INFO: Run Behavior\BuildLiteBehavior [ RunTime:0.000014s ]
INFO: [ app_init ] --END-- [ RunTime:0.000294s ]
INFO: [ app_begin ] --START--
INFO: Run Behavior\ReadHtmlCacheBehavior [ RunTime:0.000629s ]
INFO: [ app_begin ] --END-- [ RunTime:0.000682s ]
NOTIC: [8] A session had already been started - ignoring session_start() /Users/fudg/Desktop/www/ThinkPHP/ThinkPHP/Common/functions.php 第 1169 行.
NOTIC: [2048] Declaration of Home\Model\ApiModel::_after_select() should be compatible with Think\Model::_after_select(&$resultSet, $options) /Users/fudg/Desktop/www/ThinkPHP/Application/Home/Model/ProjectModel.class.php 第 11 行.
SQL: SHOW COLUMNS FROM `api_project` [ RunTime:0.052108s ]
SQL: SELECT * FROM `api_project`  [ RunTime:0.000318s ]
INFO: [ view_parse ] --START--
INFO: [ template_filter ] --START--
INFO: Run Behavior\ContentReplaceBehavior [ RunTime:0.000029s ]
INFO: [ template_filter ] --END-- [ RunTime:0.000073s ]
INFO: Run Behavior\ParseTemplateBehavior [ RunTime:0.039677s ]
INFO: [ view_parse ] --END-- [ RunTime:0.039757s ]
INFO: [ view_filter ] --START--
INFO: Run Behavior\WriteHtmlCacheBehavior [ RunTime:0.000196s ]
INFO: [ view_filter ] --END-- [ RunTime:0.000263s ]
INFO: [ app_end ] --START--
INFO: Run Behavior\ShowPageTraceBehavior [ RunTime:0.000623s ]
INFO: [ app_end ] --END-- [ RunTime:0.000698s ]

[ 2014-07-04T15:11:58+08:00 ] ::1 /ThinkPHP/index.php/Home/Index/index
INFO: [ app_init ] --START--
INFO: Run Behavior\BuildLiteBehavior [ RunTime:0.000018s ]
INFO: [ app_init ] --END-- [ RunTime:0.000401s ]
INFO: [ app_begin ] --START--
INFO: Run Behavior\ReadHtmlCacheBehavior [ RunTime:0.000338s ]
INFO: [ app_begin ] --END-- [ RunTime:0.000378s ]
NOTIC: [8] A session had already been started - ignoring session_start() /Users/fudg/Desktop/www/ThinkPHP/ThinkPHP/Common/functions.php 第 1169 行.
NOTIC: [2048] Declaration of Home\Model\ApiModel::_after_select() should be compatible with Think\Model::_after_select(&$resultSet, $options) /Users/fudg/Desktop/www/ThinkPHP/Application/Home/Model/ProjectModel.class.php 第 11 行.
SQL: SHOW COLUMNS FROM `api_project` [ RunTime:0.049885s ]
SQL: SELECT * FROM `api_project`  [ RunTime:0.000356s ]
INFO: [ view_parse ] --START--
INFO: [ template_filter ] --START--
INFO: Run Behavior\ContentReplaceBehavior [ RunTime:0.000028s ]
INFO: [ template_filter ] --END-- [ RunTime:0.000072s ]
INFO: Run Behavior\ParseTemplateBehavior [ RunTime:0.005073s ]
INFO: [ view_parse ] --END-- [ RunTime:0.005113s ]
INFO: [ view_filter ] --START--
INFO: Run Behavior\WriteHtmlCacheBehavior [ RunTime:0.000102s ]
INFO: [ view_filter ] --END-- [ RunTime:0.000134s ]
INFO: [ app_end ] --START--
INFO: Run Behavior\ShowPageTraceBehavior [ RunTime:0.000350s ]
INFO: [ app_end ] --END-- [ RunTime:0.000390s ]

[ 2014-07-04T15:11:59+08:00 ] ::1 /ThinkPHP/index.php/Home/Index/index
INFO: [ app_init ] --START--
INFO: Run Behavior\BuildLiteBehavior [ RunTime:0.000012s ]
INFO: [ app_init ] --END-- [ RunTime:0.000235s ]
INFO: [ app_begin ] --START--
INFO: Run Behavior\ReadHtmlCacheBehavior [ RunTime:0.000330s ]
INFO: [ app_begin ] --END-- [ RunTime:0.000367s ]
NOTIC: [8] A session had already been started - ignoring session_start() /Users/fudg/Desktop/www/ThinkPHP/ThinkPHP/Common/functions.php 第 1169 行.
NOTIC: [2048] Declaration of Home\Model\ApiModel::_after_select() should be compatible with Think\Model::_after_select(&$resultSet, $options) /Users/fudg/Desktop/www/ThinkPHP/Application/Home/Model/ProjectModel.class.php 第 11 行.
SQL: SHOW COLUMNS FROM `api_project` [ RunTime:0.048624s ]
SQL: SELECT * FROM `api_project`  [ RunTime:0.000485s ]
INFO: [ view_parse ] --START--
INFO: [ template_filter ] --START--
INFO: Run Behavior\ContentReplaceBehavior [ RunTime:0.000033s ]
INFO: [ template_filter ] --END-- [ RunTime:0.000085s ]
INFO: Run Behavior\ParseTemplateBehavior [ RunTime:0.007529s ]
INFO: [ view_parse ] --END-- [ RunTime:0.007585s ]
INFO: [ view_filter ] --START--
INFO: Run Behavior\WriteHtmlCacheBehavior [ RunTime:0.000125s ]
INFO: [ view_filter ] --END-- [ RunTime:0.000165s ]
INFO: [ app_end ] --START--
INFO: Run Behavior\ShowPageTraceBehavior [ RunTime:0.000403s ]
INFO: [ app_end ] --END-- [ RunTime:0.000443s ]

[ 2014-07-04T15:12:00+08:00 ] ::1 /ThinkPHP/index.php/Home/Index/index
INFO: [ app_init ] --START--
INFO: Run Behavior\BuildLiteBehavior [ RunTime:0.000020s ]
INFO: [ app_init ] --END-- [ RunTime:0.000343s ]
INFO: [ app_begin ] --START--
INFO: Run Behavior\ReadHtmlCacheBehavior [ RunTime:0.000477s ]
INFO: [ app_begin ] --END-- [ RunTime:0.000539s ]
NOTIC: [8] A session had already been started - ignoring session_start() /Users/fudg/Desktop/www/ThinkPHP/ThinkPHP/Common/functions.php 第 1169 行.
NOTIC: [2048] Declaration of Home\Model\ApiModel::_after_select() should be compatible with Think\Model::_after_select(&$resultSet, $options) /Users/fudg/Desktop/www/ThinkPHP/Application/Home/Model/ProjectModel.class.php 第 11 行.
SQL: SHOW COLUMNS FROM `api_project` [ RunTime:0.003024s ]
SQL: SELECT * FROM `api_project`  [ RunTime:0.000287s ]
INFO: [ view_parse ] --START--
INFO: [ template_filter ] --START--
INFO: Run Behavior\ContentReplaceBehavior [ RunTime:0.000043s ]
INFO: [ template_filter ] --END-- [ RunTime:0.000116s ]
INFO: Run Behavior\ParseTemplateBehavior [ RunTime:0.007649s ]
INFO: [ view_parse ] --END-- [ RunTime:0.007729s ]
INFO: [ view_filter ] --START--
INFO: Run Behavior\WriteHtmlCacheBehavior [ RunTime:0.000167s ]
INFO: [ view_filter ] --END-- [ RunTime:0.000217s ]
INFO: [ app_end ] --START--
INFO: Run Behavior\ShowPageTraceBehavior [ RunTime:0.000482s ]
INFO: [ app_end ] --END-- [ RunTime:0.000532s ]

[ 2014-07-04T15:13:00+08:00 ] ::1 /ThinkPHP/index.php/Home/Index/index
INFO: [ app_init ] --START--
INFO: Run Behavior\BuildLiteBehavior [ RunTime:0.000012s ]
INFO: [ app_init ] --END-- [ RunTime:0.000243s ]
INFO: [ app_begin ] --START--
INFO: Run Behavior\ReadHtmlCacheBehavior [ RunTime:0.000311s ]
INFO: [ app_begin ] --END-- [ RunTime:0.000348s ]
NOTIC: [8] A session had already been started - ignoring session_start() /Users/fudg/Desktop/www/ThinkPHP/ThinkPHP/Common/functions.php 第 1169 行.
NOTIC: [2048] Declaration of Home\Model\ApiModel::_after_select() should be compatible with Think\Model::_after_select(&$resultSet, $options) /Users/fudg/Desktop/www/ThinkPHP/Application/Home/Model/ProjectModel.class.php 第 11 行.
SQL: SHOW COLUMNS FROM `api_project` [ RunTime:0.053296s ]
SQL: SELECT * FROM `api_project`  [ RunTime:0.000417s ]
INFO: [ view_parse ] --START--
INFO: [ template_filter ] --START--
INFO: Run Behavior\ContentReplaceBehavior [ RunTime:0.000033s ]
INFO: [ template_filter ] --END-- [ RunTime:0.000089s ]
INFO: Run Behavior\ParseTemplateBehavior [ RunTime:0.009653s ]
INFO: [ view_parse ] --END-- [ RunTime:0.009708s ]
INFO: [ view_filter ] --START--
INFO: Run Behavior\WriteHtmlCacheBehavior [ RunTime:0.000132s ]
INFO: [ view_filter ] --END-- [ RunTime:0.000205s ]
INFO: [ app_end ] --START--
INFO: Run Behavior\ShowPageTraceBehavior [ RunTime:0.000409s ]
INFO: [ app_end ] --END-- [ RunTime:0.000448s ]

[ 2014-07-04T15:13:00+08:00 ] ::1 /ThinkPHP/index.php/Home/Index/index
INFO: [ app_init ] --START--
INFO: Run Behavior\BuildLiteBehavior [ RunTime:0.000018s ]
INFO: [ app_init ] --END-- [ RunTime:0.000389s ]
INFO: [ app_begin ] --START--
INFO: Run Behavior\ReadHtmlCacheBehavior [ RunTime:0.000528s ]
INFO: [ app_begin ] --END-- [ RunTime:0.000592s ]
NOTIC: [8] A session had already been started - ignoring session_start() /Users/fudg/Desktop/www/ThinkPHP/ThinkPHP/Common/functions.php 第 1169 行.
NOTIC: [2048] Declaration of Home\Model\ApiModel::_after_select() should be compatible with Think\Model::_after_select(&$resultSet, $options) /Users/fudg/Desktop/www/ThinkPHP/Application/Home/Model/ProjectModel.class.php 第 11 行.
SQL: SHOW COLUMNS FROM `api_project` [ RunTime:0.070239s ]
SQL: SELECT * FROM `api_project`  [ RunTime:0.000299s ]
INFO: [ view_parse ] --START--
INFO: [ template_filter ] --START--
INFO: Run Behavior\ContentReplaceBehavior [ RunTime:0.000028s ]
INFO: [ template_filter ] --END-- [ RunTime:0.000076s ]
INFO: Run Behavior\ParseTemplateBehavior [ RunTime:0.005939s ]
INFO: [ view_parse ] --END-- [ RunTime:0.005978s ]
INFO: [ view_filter ] --START--
INFO: Run Behavior\WriteHtmlCacheBehavior [ RunTime:0.000105s ]
INFO: [ view_filter ] --END-- [ RunTime:0.000136s ]
INFO: [ app_end ] --START--
INFO: Run Behavior\ShowPageTraceBehavior [ RunTime:0.000352s ]
INFO: [ app_end ] --END-- [ RunTime:0.000391s ]

[ 2014-07-04T15:13:01+08:00 ] ::1 /ThinkPHP/index.php/Home/Index/index
INFO: [ app_init ] --START--
INFO: Run Behavior\BuildLiteBehavior [ RunTime:0.000017s ]
INFO: [ app_init ] --END-- [ RunTime:0.000316s ]
INFO: [ app_begin ] --START--
INFO: Run Behavior\ReadHtmlCacheBehavior [ RunTime:0.000390s ]
INFO: [ app_begin ] --END-- [ RunTime:0.000447s ]
NOTIC: [8] A session had already been started - ignoring session_start() /Users/fudg/Desktop/www/ThinkPHP/ThinkPHP/Common/functions.php 第 1169 行.
NOTIC: [2048] Declaration of Home\Model\ApiModel::_after_select() should be compatible with Think\Model::_after_select(&$resultSet, $options) /Users/fudg/Desktop/www/ThinkPHP/Application/Home/Model/ProjectModel.class.php 第 11 行.
SQL: SHOW COLUMNS FROM `api_project` [ RunTime:0.004549s ]
SQL: SELECT * FROM `api_project`  [ RunTime:0.000415s ]
INFO: [ view_parse ] --START--
INFO: [ template_filter ] --START--
INFO: Run Behavior\ContentReplaceBehavior [ RunTime:0.000027s ]
INFO: [ template_filter ] --END-- [ RunTime:0.000070s ]
INFO: Run Behavior\ParseTemplateBehavior [ RunTime:0.005875s ]
INFO: [ view_parse ] --END-- [ RunTime:0.005926s ]
INFO: [ view_filter ] --START--
INFO: Run Behavior\WriteHtmlCacheBehavior [ RunTime:0.000100s ]
INFO: [ view_filter ] --END-- [ RunTime:0.000130s ]
INFO: [ app_end ] --START--
INFO: Run Behavior\ShowPageTraceBehavior [ RunTime:0.000349s ]
INFO: [ app_end ] --END-- [ RunTime:0.000381s ]

[ 2014-07-04T15:13:01+08:00 ] ::1 /ThinkPHP/index.php/Home/Index/index
INFO: [ app_init ] --START--
INFO: Run Behavior\BuildLiteBehavior [ RunTime:0.000023s ]
INFO: [ app_init ] --END-- [ RunTime:0.000456s ]
INFO: [ app_begin ] --START--
INFO: Run Behavior\ReadHtmlCacheBehavior [ RunTime:0.000682s ]
INFO: [ app_begin ] --END-- [ RunTime:0.000781s ]
NOTIC: [8] A session had already been started - ignoring session_start() /Users/fudg/Desktop/www/ThinkPHP/ThinkPHP/Common/functions.php 第 1169 行.
NOTIC: [2048] Declaration of Home\Model\ApiModel::_after_select() should be compatible with Think\Model::_after_select(&$resultSet, $options) /Users/fudg/Desktop/www/ThinkPHP/Application/Home/Model/ProjectModel.class.php 第 11 行.
SQL: SHOW COLUMNS FROM `api_project` [ RunTime:0.003348s ]
SQL: SELECT * FROM `api_project`  [ RunTime:0.000336s ]
INFO: [ view_parse ] --START--
INFO: [ template_filter ] --START--
INFO: Run Behavior\ContentReplaceBehavior [ RunTime:0.000052s ]
INFO: [ template_filter ] --END-- [ RunTime:0.000138s ]
INFO: Run Behavior\ParseTemplateBehavior [ RunTime:0.008542s ]
INFO: [ view_parse ] --END-- [ RunTime:0.008613s ]
INFO: [ view_filter ] --START--
INFO: Run Behavior\WriteHtmlCacheBehavior [ RunTime:0.000177s ]
INFO: [ view_filter ] --END-- [ RunTime:0.000235s ]
INFO: [ app_end ] --START--
INFO: Run Behavior\ShowPageTraceBehavior [ RunTime:0.000562s ]
INFO: [ app_end ] --END-- [ RunTime:0.000619s ]

[ 2014-07-04T15:13:02+08:00 ] ::1 /ThinkPHP/index.php/Home/Index/index
INFO: [ app_init ] --START--
INFO: Run Behavior\BuildLiteBehavior [ RunTime:0.000016s ]
INFO: [ app_init ] --END-- [ RunTime:0.000311s ]
INFO: [ app_begin ] --START--
INFO: Run Behavior\ReadHtmlCacheBehavior [ RunTime:0.000518s ]
INFO: [ app_begin ] --END-- [ RunTime:0.000577s ]
NOTIC: [8] A session had already been started - ignoring session_start() /Users/fudg/Desktop/www/ThinkPHP/ThinkPHP/Common/functions.php 第 1169 行.
NOTIC: [2048] Declaration of Home\Model\ApiModel::_after_select() should be compatible with Think\Model::_after_select(&$resultSet, $options) /Users/fudg/Desktop/www/ThinkPHP/Application/Home/Model/ProjectModel.class.php 第 11 行.
SQL: SHOW COLUMNS FROM `api_project` [ RunTime:0.052640s ]
SQL: SELECT * FROM `api_project`  [ RunTime:0.000307s ]
INFO: [ view_parse ] --START--
INFO: [ template_filter ] --START--
INFO: Run Behavior\ContentReplaceBehavior [ RunTime:0.000035s ]
INFO: [ template_filter ] --END-- [ RunTime:0.000086s ]
INFO: Run Behavior\ParseTemplateBehavior [ RunTime:0.005005s ]
INFO: [ view_parse ] --END-- [ RunTime:0.005045s ]
INFO: [ view_filter ] --START--
INFO: Run Behavior\WriteHtmlCacheBehavior [ RunTime:0.000106s ]
INFO: [ view_filter ] --END-- [ RunTime:0.000151s ]
INFO: [ app_end ] --START--
INFO: Run Behavior\ShowPageTraceBehavior [ RunTime:0.000341s ]
INFO: [ app_end ] --END-- [ RunTime:0.000380s ]

[ 2014-07-04T15:13:02+08:00 ] ::1 /ThinkPHP/index.php/Home/Index/index
INFO: [ app_init ] --START--
INFO: Run Behavior\BuildLiteBehavior [ RunTime:0.000011s ]
INFO: [ app_init ] --END-- [ RunTime:0.000229s ]
INFO: [ app_begin ] --START--
INFO: Run Behavior\ReadHtmlCacheBehavior [ RunTime:0.000328s ]
INFO: [ app_begin ] --END-- [ RunTime:0.000367s ]
NOTIC: [8] A session had already been started - ignoring session_start() /Users/fudg/Desktop/www/ThinkPHP/ThinkPHP/Common/functions.php 第 1169 行.
NOTIC: [2048] Declaration of Home\Model\ApiModel::_after_select() should be compatible with Think\Model::_after_select(&$resultSet, $options) /Users/fudg/Desktop/www/ThinkPHP/Application/Home/Model/ProjectModel.class.php 第 11 行.
SQL: SHOW COLUMNS FROM `api_project` [ RunTime:0.058367s ]
SQL: SELECT * FROM `api_project`  [ RunTime:0.000285s ]
INFO: [ view_parse ] --START--
INFO: [ template_filter ] --START--
INFO: Run Behavior\ContentReplaceBehavior [ RunTime:0.000032s ]
INFO: [ template_filter ] --END-- [ RunTime:0.000084s ]
INFO: Run Behavior\ParseTemplateBehavior [ RunTime:0.005679s ]
INFO: [ view_parse ] --END-- [ RunTime:0.005720s ]
INFO: [ view_filter ] --START--
INFO: Run Behavior\WriteHtmlCacheBehavior [ RunTime:0.000107s ]
INFO: [ view_filter ] --END-- [ RunTime:0.000147s ]
INFO: [ app_end ] --START--
INFO: Run Behavior\ShowPageTraceBehavior [ RunTime:0.000344s ]
INFO: [ app_end ] --END-- [ RunTime:0.000376s ]

[ 2014-07-04T15:13:10+08:00 ] ::1 /ThinkPHP/index.php/Home/Index/add
INFO: [ app_init ] --START--
INFO: Run Behavior\BuildLiteBehavior [ RunTime:0.000012s ]
INFO: [ app_init ] --END-- [ RunTime:0.000230s ]
INFO: [ app_begin ] --START--
INFO: Run Behavior\ReadHtmlCacheBehavior [ RunTime:0.000302s ]
INFO: [ app_begin ] --END-- [ RunTime:0.000339s ]
NOTIC: [8] A session had already been started - ignoring session_start() /Users/fudg/Desktop/www/ThinkPHP/ThinkPHP/Common/functions.php 第 1169 行.
ERR: 非法操作:add

[ 2014-07-04T15:14:17+08:00 ] ::1 /ThinkPHP/index.php/Home/Index/index
INFO: [ app_init ] --START--
INFO: Run Behavior\BuildLiteBehavior [ RunTime:0.000011s ]
INFO: [ app_init ] --END-- [ RunTime:0.000228s ]
INFO: [ app_begin ] --START--
INFO: Run Behavior\ReadHtmlCacheBehavior [ RunTime:0.000294s ]
INFO: [ app_begin ] --END-- [ RunTime:0.000331s ]
NOTIC: [8] A session had already been started - ignoring session_start() /Users/fudg/Desktop/www/ThinkPHP/ThinkPHP/Common/functions.php 第 1169 行.

[ 2014-07-04T15:14:18+08:00 ] ::1 /ThinkPHP/index.php/Home/Index/index
INFO: [ app_init ] --START--
INFO: Run Behavior\BuildLiteBehavior [ RunTime:0.000012s ]
INFO: [ app_init ] --END-- [ RunTime:0.000265s ]
INFO: [ app_begin ] --START--
INFO: Run Behavior\ReadHtmlCacheBehavior [ RunTime:0.000304s ]
INFO: [ app_begin ] --END-- [ RunTime:0.000339s ]
NOTIC: [8] A session had already been started - ignoring session_start() /Users/fudg/Desktop/www/ThinkPHP/ThinkPHP/Common/functions.php 第 1169 行.

[ 2014-07-04T15:14:22+08:00 ] ::1 /ThinkPHP/index.php/Home/Index/index
INFO: [ app_init ] --START--
INFO: Run Behavior\BuildLiteBehavior [ RunTime:0.000012s ]
INFO: [ app_init ] --END-- [ RunTime:0.000230s ]
INFO: [ app_begin ] --START--
INFO: Run Behavior\ReadHtmlCacheBehavior [ RunTime:0.000331s ]
INFO: [ app_begin ] --END-- [ RunTime:0.000367s ]
NOTIC: [8] A session had already been started - ignoring session_start() /Users/fudg/Desktop/www/ThinkPHP/ThinkPHP/Common/functions.php 第 1169 行.

[ 2014-07-04T15:14:23+08:00 ] ::1 /ThinkPHP/index.php/Home/Index/index
INFO: [ app_init ] --START--
INFO: Run Behavior\BuildLiteBehavior [ RunTime:0.000013s ]
INFO: [ app_init ] --END-- [ RunTime:0.000235s ]
INFO: [ app_begin ] --START--
INFO: Run Behavior\ReadHtmlCacheBehavior [ RunTime:0.000294s ]
INFO: [ app_begin ] --END-- [ RunTime:0.000330s ]
NOTIC: [8] A session had already been started - ignoring session_start() /Users/fudg/Desktop/www/ThinkPHP/ThinkPHP/Common/functions.php 第 1169 行.

[ 2014-07-04T15:14:26+08:00 ] ::1 /ThinkPHP/index.php/Home/Project/index
INFO: [ app_init ] --START--
INFO: Run Behavior\BuildLiteBehavior [ RunTime:0.000011s ]
INFO: [ app_init ] --END-- [ RunTime:0.000228s ]
INFO: [ app_begin ] --START--
INFO: Run Behavior\ReadHtmlCacheBehavior [ RunTime:0.000301s ]
INFO: [ app_begin ] --END-- [ RunTime:0.000339s ]
NOTIC: [8] A session had already been started - ignoring session_start() /Users/fudg/Desktop/www/ThinkPHP/ThinkPHP/Common/functions.php 第 1169 行.
INFO: [ view_parse ] --START--
INFO: [ template_filter ] --START--
INFO: Run Behavior\ContentReplaceBehavior [ RunTime:0.000035s ]
INFO: [ template_filter ] --END-- [ RunTime:0.000092s ]

[ 2014-07-04T15:14:30+08:00 ] ::1 /ThinkPHP/index.php/Home/Project/index
INFO: [ app_init ] --START--
INFO: Run Behavior\BuildLiteBehavior [ RunTime:0.000012s ]
INFO: [ app_init ] --END-- [ RunTime:0.000233s ]
INFO: [ app_begin ] --START--
INFO: Run Behavior\ReadHtmlCacheBehavior [ RunTime:0.000294s ]
INFO: [ app_begin ] --END-- [ RunTime:0.000330s ]
NOTIC: [8] A session had already been started - ignoring session_start() /Users/fudg/Desktop/www/ThinkPHP/ThinkPHP/Common/functions.php 第 1169 行.
INFO: [ view_parse ] --START--
INFO: [ template_filter ] --START--
INFO: Run Behavior\ContentReplaceBehavior [ RunTime:0.000027s ]
INFO: [ template_filter ] --END-- [ RunTime:0.000072s ]

[ 2014-07-04T15:14:42+08:00 ] ::1 /ThinkPHP/index.php/Home/Index/index
INFO: [ app_init ] --START--
INFO: Run Behavior\BuildLiteBehavior [ RunTime:0.000010s ]
INFO: [ app_init ] --END-- [ RunTime:0.000227s ]
INFO: [ app_begin ] --START--
INFO: Run Behavior\ReadHtmlCacheBehavior [ RunTime:0.000349s ]
INFO: [ app_begin ] --END-- [ RunTime:0.000392s ]
NOTIC: [8] A session had already been started - ignoring session_start() /Users/fudg/Desktop/www/ThinkPHP/ThinkPHP/Common/functions.php 第 1169 行.

[ 2014-07-04T15:14:42+08:00 ] ::1 /ThinkPHP/index.php/Home/Project/index
INFO: [ app_init ] --START--
INFO: Run Behavior\BuildLiteBehavior [ RunTime:0.000011s ]
INFO: [ app_init ] --END-- [ RunTime:0.000221s ]
INFO: [ app_begin ] --START--
INFO: Run Behavior\ReadHtmlCacheBehavior [ RunTime:0.000291s ]
INFO: [ app_begin ] --END-- [ RunTime:0.000326s ]
NOTIC: [8] A session had already been started - ignoring session_start() /Users/fudg/Desktop/www/ThinkPHP/ThinkPHP/Common/functions.php 第 1169 行.
INFO: [ view_parse ] --START--
INFO: [ template_filter ] --START--
INFO: Run Behavior\ContentReplaceBehavior [ RunTime:0.000030s ]
INFO: [ template_filter ] --END-- [ RunTime:0.000073s ]

[ 2014-07-04T15:14:46+08:00 ] ::1 /ThinkPHP/index.php/Home/Index/index
INFO: [ app_init ] --START--
INFO: Run Behavior\BuildLiteBehavior [ RunTime:0.000014s ]
INFO: [ app_init ] --END-- [ RunTime:0.000362s ]
INFO: [ app_begin ] --START--
INFO: Run Behavior\ReadHtmlCacheBehavior [ RunTime:0.000367s ]
INFO: [ app_begin ] --END-- [ RunTime:0.000413s ]
NOTIC: [8] A session had already been started - ignoring session_start() /Users/fudg/Desktop/www/ThinkPHP/ThinkPHP/Common/functions.php 第 1169 行.

[ 2014-07-04T15:14:46+08:00 ] ::1 /ThinkPHP/index.php/Home/Project/index
INFO: [ app_init ] --START--
INFO: Run Behavior\BuildLiteBehavior [ RunTime:0.000011s ]
INFO: [ app_init ] --END-- [ RunTime:0.000236s ]
INFO: [ app_begin ] --START--
INFO: Run Behavior\ReadHtmlCacheBehavior [ RunTime:0.000286s ]
INFO: [ app_begin ] --END-- [ RunTime:0.000323s ]
NOTIC: [8] A session had already been started - ignoring session_start() /Users/fudg/Desktop/www/ThinkPHP/ThinkPHP/Common/functions.php 第 1169 行.
INFO: [ view_parse ] --START--
INFO: [ template_filter ] --START--
INFO: Run Behavior\ContentReplaceBehavior [ RunTime:0.000025s ]
INFO: [ template_filter ] --END-- [ RunTime:0.000062s ]

[ 2014-07-04T15:15:56+08:00 ] ::1 /ThinkPHP/index.php/Home/Project/index
INFO: [ app_init ] --START--
INFO: Run Behavior\BuildLiteBehavior [ RunTime:0.000011s ]
INFO: [ app_init ] --END-- [ RunTime:0.000229s ]
INFO: [ app_begin ] --START--
INFO: Run Behavior\ReadHtmlCacheBehavior [ RunTime:0.000299s ]
INFO: [ app_begin ] --END-- [ RunTime:0.000335s ]
NOTIC: [8] A session had already been started - ignoring session_start() /Users/fudg/Desktop/www/ThinkPHP/ThinkPHP/Common/functions.php 第 1169 行.
NOTIC: [2048] Declaration of Home\Model\ApiModel::_after_select() should be compatible with Think\Model::_after_select(&$resultSet, $options) /Users/fudg/Desktop/www/ThinkPHP/Application/Home/Model/ProjectModel.class.php 第 11 行.
SQL: SHOW COLUMNS FROM `api_project` [ RunTime:0.002597s ]
SQL: SELECT * FROM `api_project`  [ RunTime:0.000275s ]
INFO: [ view_parse ] --START--
INFO: [ template_filter ] --START--
INFO: Run Behavior\ContentReplaceBehavior [ RunTime:0.000027s ]
INFO: [ template_filter ] --END-- [ RunTime:0.000069s ]
INFO: Run Behavior\ParseTemplateBehavior [ RunTime:0.004820s ]
INFO: [ view_parse ] --END-- [ RunTime:0.004863s ]
INFO: [ view_filter ] --START--
INFO: Run Behavior\WriteHtmlCacheBehavior [ RunTime:0.000099s ]
INFO: [ view_filter ] --END-- [ RunTime:0.000129s ]
INFO: [ view_parse ] --START--
INFO: [ template_filter ] --START--
INFO: Run Behavior\ContentReplaceBehavior [ RunTime:0.000019s ]
INFO: [ template_filter ] --END-- [ RunTime:-0.002271s ]
INFO: Run Behavior\ParseTemplateBehavior [ RunTime:0.001984s ]
INFO: [ view_parse ] --END-- [ RunTime:-0.000224s ]
INFO: [ view_filter ] --START--
INFO: Run Behavior\WriteHtmlCacheBehavior [ RunTime:0.000008s ]
INFO: [ view_filter ] --END-- [ RunTime:-0.002112s ]
INFO: [ app_end ] --START--
INFO: Run Behavior\ShowPageTraceBehavior [ RunTime:0.000487s ]
INFO: [ app_end ] --END-- [ RunTime:0.000527s ]

[ 2014-07-04T15:15:57+08:00 ] ::1 /ThinkPHP/index.php/Home/Project/index
INFO: [ app_init ] --START--
INFO: Run Behavior\BuildLiteBehavior [ RunTime:0.000012s ]
INFO: [ app_init ] --END-- [ RunTime:0.000229s ]
INFO: [ app_begin ] --START--
INFO: Run Behavior\ReadHtmlCacheBehavior [ RunTime:0.000300s ]
INFO: [ app_begin ] --END-- [ RunTime:0.000336s ]
NOTIC: [8] A session had already been started - ignoring session_start() /Users/fudg/Desktop/www/ThinkPHP/ThinkPHP/Common/functions.php 第 1169 行.
NOTIC: [2048] Declaration of Home\Model\ApiModel::_after_select() should be compatible with Think\Model::_after_select(&$resultSet, $options) /Users/fudg/Desktop/www/ThinkPHP/Application/Home/Model/ProjectModel.class.php 第 11 行.
SQL: SHOW COLUMNS FROM `api_project` [ RunTime:0.053853s ]
SQL: SELECT * FROM `api_project`  [ RunTime:0.000302s ]
INFO: [ view_parse ] --START--
INFO: [ template_filter ] --START--
INFO: Run Behavior\ContentReplaceBehavior [ RunTime:0.000026s ]
INFO: [ template_filter ] --END-- [ RunTime:0.000068s ]
INFO: Run Behavior\ParseTemplateBehavior [ RunTime:0.020929s ]
INFO: [ view_parse ] --END-- [ RunTime:0.020999s ]
INFO: [ view_filter ] --START--
INFO: Run Behavior\WriteHtmlCacheBehavior [ RunTime:0.000118s ]
INFO: [ view_filter ] --END-- [ RunTime:0.000150s ]
INFO: [ view_parse ] --START--
INFO: [ template_filter ] --START--
INFO: Run Behavior\ContentReplaceBehavior [ RunTime:0.000022s ]
INFO: [ template_filter ] --END-- [ RunTime:-0.018442s ]
INFO: Run Behavior\ParseTemplateBehavior [ RunTime:0.016641s ]
INFO: [ view_parse ] --END-- [ RunTime:-0.000241s ]
INFO: [ view_filter ] --START--
INFO: Run Behavior\WriteHtmlCacheBehavior [ RunTime:0.000015s ]
INFO: [ view_filter ] --END-- [ RunTime:-0.016797s ]
INFO: [ app_end ] --START--
INFO: Run Behavior\ShowPageTraceBehavior [ RunTime:0.000504s ]
INFO: [ app_end ] --END-- [ RunTime:0.000555s ]

[ 2014-07-04T15:15:59+08:00 ] ::1 /ThinkPHP/index.php/Home/Project/index
INFO: [ app_init ] --START--
INFO: Run Behavior\BuildLiteBehavior [ RunTime:0.000011s ]
INFO: [ app_init ] --END-- [ RunTime:0.000231s ]
INFO: [ app_begin ] --START--
INFO: Run Behavior\ReadHtmlCacheBehavior [ RunTime:0.000297s ]
INFO: [ app_begin ] --END-- [ RunTime:0.000332s ]
NOTIC: [8] A session had already been started - ignoring session_start() /Users/fudg/Desktop/www/ThinkPHP/ThinkPHP/Common/functions.php 第 1169 行.
NOTIC: [2048] Declaration of Home\Model\ApiModel::_after_select() should be compatible with Think\Model::_after_select(&$resultSet, $options) /Users/fudg/Desktop/www/ThinkPHP/Application/Home/Model/ProjectModel.class.php 第 11 行.
SQL: SHOW COLUMNS FROM `api_project` [ RunTime:0.179957s ]
SQL: SELECT * FROM `api_project`  [ RunTime:0.000278s ]
INFO: [ view_parse ] --START--
INFO: [ template_filter ] --START--
INFO: Run Behavior\ContentReplaceBehavior [ RunTime:0.000027s ]
INFO: [ template_filter ] --END-- [ RunTime:0.000073s ]
INFO: Run Behavior\ParseTemplateBehavior [ RunTime:0.005121s ]
INFO: [ view_parse ] --END-- [ RunTime:0.005160s ]
INFO: [ view_filter ] --START--
INFO: Run Behavior\WriteHtmlCacheBehavior [ RunTime:0.000094s ]
INFO: [ view_filter ] --END-- [ RunTime:0.000124s ]
INFO: [ view_parse ] --START--
INFO: [ template_filter ] --START--
INFO: Run Behavior\ContentReplaceBehavior [ RunTime:0.000020s ]
INFO: [ template_filter ] --END-- [ RunTime:-0.002414s ]
INFO: Run Behavior\ParseTemplateBehavior [ RunTime:0.002148s ]
INFO: [ view_parse ] --END-- [ RunTime:-0.000231s ]
INFO: [ view_filter ] --START--
INFO: Run Behavior\WriteHtmlCacheBehavior [ RunTime:0.000009s ]
INFO: [ view_filter ] --END-- [ RunTime:-0.002298s ]
INFO: [ app_end ] --START--
INFO: Run Behavior\ShowPageTraceBehavior [ RunTime:0.000435s ]
INFO: [ app_end ] --END-- [ RunTime:0.000486s ]

[ 2014-07-04T15:15:59+08:00 ] ::1 /ThinkPHP/index.php/Home/Project/index
INFO: [ app_init ] --START--
INFO: Run Behavior\BuildLiteBehavior [ RunTime:0.000019s ]
INFO: [ app_init ] --END-- [ RunTime:0.000431s ]
INFO: [ app_begin ] --START--
INFO: Run Behavior\ReadHtmlCacheBehavior [ RunTime:0.000514s ]
INFO: [ app_begin ] --END-- [ RunTime:0.000586s ]
NOTIC: [8] A session had already been started - ignoring session_start() /Users/fudg/Desktop/www/ThinkPHP/ThinkPHP/Common/functions.php 第 1169 行.
NOTIC: [2048] Declaration of Home\Model\ApiModel::_after_select() should be compatible with Think\Model::_after_select(&$resultSet, $options) /Users/fudg/Desktop/www/ThinkPHP/Application/Home/Model/ProjectModel.class.php 第 11 行.
SQL: SHOW COLUMNS FROM `api_project` [ RunTime:0.003981s ]
SQL: SELECT * FROM `api_project`  [ RunTime:0.000834s ]
INFO: [ view_parse ] --START--
INFO: [ template_filter ] --START--
INFO: Run Behavior\ContentReplaceBehavior [ RunTime:0.000038s ]
INFO: [ template_filter ] --END-- [ RunTime:0.000100s ]
INFO: Run Behavior\ParseTemplateBehavior [ RunTime:0.012726s ]
INFO: [ view_parse ] --END-- [ RunTime:0.012801s ]
INFO: [ view_filter ] --START--
INFO: Run Behavior\WriteHtmlCacheBehavior [ RunTime:0.000203s ]
INFO: [ view_filter ] --END-- [ RunTime:0.000252s ]
INFO: [ view_parse ] --START--
INFO: [ template_filter ] --START--
INFO: Run Behavior\ContentReplaceBehavior [ RunTime:0.000043s ]
INFO: [ template_filter ] --END-- [ RunTime:-0.004696s ]
INFO: Run Behavior\ParseTemplateBehavior [ RunTime:0.004416s ]
INFO: [ view_parse ] --END-- [ RunTime:-0.000388s ]
INFO: [ view_filter ] --START--
INFO: Run Behavior\WriteHtmlCacheBehavior [ RunTime:0.000014s ]
INFO: [ view_filter ] --END-- [ RunTime:-0.004612s ]
INFO: [ app_end ] --START--
INFO: Run Behavior\ShowPageTraceBehavior [ RunTime:0.000585s ]
INFO: [ app_end ] --END-- [ RunTime:0.000672s ]

[ 2014-07-04T15:16:09+08:00 ] ::1 /ThinkPHP/index.php/Home/Project/index
INFO: [ app_init ] --START--
INFO: Run Behavior\BuildLiteBehavior [ RunTime:0.000011s ]
INFO: [ app_init ] --END-- [ RunTime:0.000227s ]
INFO: [ app_begin ] --START--
INFO: Run Behavior\ReadHtmlCacheBehavior [ RunTime:0.000302s ]
INFO: [ app_begin ] --END-- [ RunTime:0.000346s ]
NOTIC: [8] A session had already been started - ignoring session_start() /Users/fudg/Desktop/www/ThinkPHP/ThinkPHP/Common/functions.php 第 1169 行.
NOTIC: [2048] Declaration of Home\Model\ApiModel::_after_select() should be compatible with Think\Model::_after_select(&$resultSet, $options) /Users/fudg/Desktop/www/ThinkPHP/Application/Home/Model/ProjectModel.class.php 第 11 行.
SQL: SHOW COLUMNS FROM `api_project` [ RunTime:0.002439s ]
SQL: SELECT * FROM `api_project`  [ RunTime:0.000225s ]
INFO: [ view_parse ] --START--
INFO: [ template_filter ] --START--
INFO: Run Behavior\ContentReplaceBehavior [ RunTime:0.000035s ]
INFO: [ template_filter ] --END-- [ RunTime:0.000077s ]
INFO: Run Behavior\ParseTemplateBehavior [ RunTime:0.004932s ]
INFO: [ view_parse ] --END-- [ RunTime:0.004971s ]
INFO: [ view_filter ] --START--
INFO: Run Behavior\WriteHtmlCacheBehavior [ RunTime:0.000098s ]
INFO: [ view_filter ] --END-- [ RunTime:0.000128s ]
INFO: [ app_end ] --START--
INFO: Run Behavior\ShowPageTraceBehavior [ RunTime:0.000354s ]
INFO: [ app_end ] --END-- [ RunTime:0.000386s ]

[ 2014-07-04T15:16:10+08:00 ] ::1 /ThinkPHP/index.php/Home/Project/index
INFO: [ app_init ] --START--
INFO: Run Behavior\BuildLiteBehavior [ RunTime:0.000011s ]
INFO: [ app_init ] --END-- [ RunTime:0.000257s ]
INFO: [ app_begin ] --START--
INFO: Run Behavior\ReadHtmlCacheBehavior [ RunTime:0.000290s ]
INFO: [ app_begin ] --END-- [ RunTime:0.000326s ]
NOTIC: [8] A session had already been started - ignoring session_start() /Users/fudg/Desktop/www/ThinkPHP/ThinkPHP/Common/functions.php 第 1169 行.
NOTIC: [2048] Declaration of Home\Model\ApiModel::_after_select() should be compatible with Think\Model::_after_select(&$resultSet, $options) /Users/fudg/Desktop/www/ThinkPHP/Application/Home/Model/ProjectModel.class.php 第 11 行.
SQL: SHOW COLUMNS FROM `api_project` [ RunTime:0.058157s ]
SQL: SELECT * FROM `api_project`  [ RunTime:0.000534s ]
INFO: [ view_parse ] --START--
INFO: [ template_filter ] --START--
INFO: Run Behavior\ContentReplaceBehavior [ RunTime:0.000038s ]
INFO: [ template_filter ] --END-- [ RunTime:0.000096s ]
INFO: Run Behavior\ParseTemplateBehavior [ RunTime:0.007836s ]
INFO: [ view_parse ] --END-- [ RunTime:0.007893s ]
INFO: [ view_filter ] --START--
INFO: Run Behavior\WriteHtmlCacheBehavior [ RunTime:0.000147s ]
INFO: [ view_filter ] --END-- [ RunTime:0.000186s ]
INFO: [ app_end ] --START--
INFO: Run Behavior\ShowPageTraceBehavior [ RunTime:0.000410s ]
INFO: [ app_end ] --END-- [ RunTime:0.000448s ]

[ 2014-07-04T15:16:29+08:00 ] ::1 /ThinkPHP/index.php/Home/Project/index
INFO: [ app_init ] --START--
INFO: Run Behavior\BuildLiteBehavior [ RunTime:0.000012s ]
INFO: [ app_init ] --END-- [ RunTime:0.000264s ]
INFO: [ app_begin ] --START--
INFO: Run Behavior\ReadHtmlCacheBehavior [ RunTime:0.000315s ]
INFO: [ app_begin ] --END-- [ RunTime:0.000367s ]
NOTIC: [8] A session had already been started - ignoring session_start() /Users/fudg/Desktop/www/ThinkPHP/ThinkPHP/Common/functions.php 第 1169 行.
NOTIC: [2048] Declaration of Home\Model\ApiModel::_after_select() should be compatible with Think\Model::_after_select(&$resultSet, $options) /Users/fudg/Desktop/www/ThinkPHP/Application/Home/Model/ProjectModel.class.php 第 11 行.
SQL: SHOW COLUMNS FROM `api_project` [ RunTime:0.002509s ]
SQL: SELECT * FROM `api_project`  [ RunTime:0.000219s ]
INFO: [ view_parse ] --START--
INFO: [ template_filter ] --START--
INFO: Run Behavior\ContentReplaceBehavior [ RunTime:0.000028s ]
INFO: [ template_filter ] --END-- [ RunTime:0.000075s ]
INFO: Run Behavior\ParseTemplateBehavior [ RunTime:0.005019s ]
INFO: [ view_parse ] --END-- [ RunTime:0.005058s ]
INFO: [ view_filter ] --START--
INFO: Run Behavior\WriteHtmlCacheBehavior [ RunTime:0.000117s ]
INFO: [ view_filter ] --END-- [ RunTime:0.000150s ]
INFO: [ app_end ] --START--
INFO: Run Behavior\ShowPageTraceBehavior [ RunTime:0.000392s ]
INFO: [ app_end ] --END-- [ RunTime:0.000426s ]

[ 2014-07-04T15:16:30+08:00 ] ::1 /ThinkPHP/index.php/Home/Project/index
INFO: [ app_init ] --START--
INFO: Run Behavior\BuildLiteBehavior [ RunTime:0.000019s ]
INFO: [ app_init ] --END-- [ RunTime:0.000361s ]
INFO: [ app_begin ] --START--
INFO: Run Behavior\ReadHtmlCacheBehavior [ RunTime:0.000331s ]
INFO: [ app_begin ] --END-- [ RunTime:0.000375s ]
NOTIC: [8] A session had already been started - ignoring session_start() /Users/fudg/Desktop/www/ThinkPHP/ThinkPHP/Common/functions.php 第 1169 行.
NOTIC: [2048] Declaration of Home\Model\ApiModel::_after_select() should be compatible with Think\Model::_after_select(&$resultSet, $options) /Users/fudg/Desktop/www/ThinkPHP/Application/Home/Model/ProjectModel.class.php 第 11 行.
SQL: SHOW COLUMNS FROM `api_project` [ RunTime:0.049809s ]
SQL: SELECT * FROM `api_project`  [ RunTime:0.000274s ]
INFO: [ view_parse ] --START--
INFO: [ template_filter ] --START--
INFO: Run Behavior\ContentReplaceBehavior [ RunTime:0.000026s ]
INFO: [ template_filter ] --END-- [ RunTime:0.000064s ]
INFO: Run Behavior\ParseTemplateBehavior [ RunTime:0.004791s ]
INFO: [ view_parse ] --END-- [ RunTime:0.004828s ]
INFO: [ view_filter ] --START--
INFO: Run Behavior\WriteHtmlCacheBehavior [ RunTime:0.000100s ]
INFO: [ view_filter ] --END-- [ RunTime:0.000130s ]
INFO: [ app_end ] --START--
INFO: Run Behavior\ShowPageTraceBehavior [ RunTime:0.000342s ]
INFO: [ app_end ] --END-- [ RunTime:0.000382s ]

[ 2014-07-04T15:16:30+08:00 ] ::1 /ThinkPHP/index.php/Home/Project/index
INFO: [ app_init ] --START--
INFO: Run Behavior\BuildLiteBehavior [ RunTime:0.000013s ]
INFO: [ app_init ] --END-- [ RunTime:0.000275s ]
INFO: [ app_begin ] --START--
INFO: Run Behavior\ReadHtmlCacheBehavior [ RunTime:0.000343s ]
INFO: [ app_begin ] --END-- [ RunTime:0.000387s ]
NOTIC: [8] A session had already been started - ignoring session_start() /Users/fudg/Desktop/www/ThinkPHP/ThinkPHP/Common/functions.php 第 1169 行.
NOTIC: [2048] Declaration of Home\Model\ApiModel::_after_select() should be compatible with Think\Model::_after_select(&$resultSet, $options) /Users/fudg/Desktop/www/ThinkPHP/Application/Home/Model/ProjectModel.class.php 第 11 行.
SQL: SHOW COLUMNS FROM `api_project` [ RunTime:0.002807s ]
SQL: SELECT * FROM `api_project`  [ RunTime:0.000330s ]
INFO: [ view_parse ] --START--
INFO: [ template_filter ] --START--
INFO: Run Behavior\ContentReplaceBehavior [ RunTime:0.000030s ]
INFO: [ template_filter ] --END-- [ RunTime:0.000080s ]
INFO: Run Behavior\ParseTemplateBehavior [ RunTime:0.005200s ]
INFO: [ view_parse ] --END-- [ RunTime:0.005242s ]
INFO: [ view_filter ] --START--
INFO: Run Behavior\WriteHtmlCacheBehavior [ RunTime:0.000127s ]
INFO: [ view_filter ] --END-- [ RunTime:0.000169s ]
INFO: [ app_end ] --START--
INFO: Run Behavior\ShowPageTraceBehavior [ RunTime:0.000386s ]
INFO: [ app_end ] --END-- [ RunTime:0.000423s ]

[ 2014-07-04T15:16:31+08:00 ] ::1 /ThinkPHP/index.php/Home/Project/index
INFO: [ app_init ] --START--
INFO: Run Behavior\BuildLiteBehavior [ RunTime:0.000011s ]
INFO: [ app_init ] --END-- [ RunTime:0.000255s ]
INFO: [ app_begin ] --START--
INFO: Run Behavior\ReadHtmlCacheBehavior [ RunTime:0.000338s ]
INFO: [ app_begin ] --END-- [ RunTime:0.000380s ]
NOTIC: [8] A session had already been started - ignoring session_start() /Users/fudg/Desktop/www/ThinkPHP/ThinkPHP/Common/functions.php 第 1169 行.
NOTIC: [2048] Declaration of Home\Model\ApiModel::_after_select() should be compatible with Think\Model::_after_select(&$resultSet, $options) /Users/fudg/Desktop/www/ThinkPHP/Application/Home/Model/ProjectModel.class.php 第 11 行.
SQL: SHOW COLUMNS FROM `api_project` [ RunTime:0.054869s ]
SQL: SELECT * FROM `api_project`  [ RunTime:0.000334s ]
INFO: [ view_parse ] --START--
INFO: [ template_filter ] --START--
INFO: Run Behavior\ContentReplaceBehavior [ RunTime:0.000032s ]
INFO: [ template_filter ] --END-- [ RunTime:0.000085s ]
INFO: Run Behavior\ParseTemplateBehavior [ RunTime:0.005003s ]
INFO: [ view_parse ] --END-- [ RunTime:0.005046s ]
INFO: [ view_filter ] --START--
INFO: Run Behavior\WriteHtmlCacheBehavior [ RunTime:0.000120s ]
INFO: [ view_filter ] --END-- [ RunTime:0.000153s ]
INFO: [ app_end ] --START--
INFO: Run Behavior\ShowPageTraceBehavior [ RunTime:0.000380s ]
INFO: [ app_end ] --END-- [ RunTime:0.000414s ]

[ 2014-07-04T15:16:34+08:00 ] ::1 /ThinkPHP/index.php/Home/Project/index
INFO: [ app_init ] --START--
INFO: Run Behavior\BuildLiteBehavior [ RunTime:0.000011s ]
INFO: [ app_init ] --END-- [ RunTime:0.000226s ]
INFO: [ app_begin ] --START--
INFO: Run Behavior\ReadHtmlCacheBehavior [ RunTime:0.000298s ]
INFO: [ app_begin ] --END-- [ RunTime:0.000333s ]
NOTIC: [8] A session had already been started - ignoring session_start() /Users/fudg/Desktop/www/ThinkPHP/ThinkPHP/Common/functions.php 第 1169 行.
NOTIC: [2048] Declaration of Home\Model\ApiModel::_after_select() should be compatible with Think\Model::_after_select(&$resultSet, $options) /Users/fudg/Desktop/www/ThinkPHP/Application/Home/Model/ProjectModel.class.php 第 11 行.
SQL: SHOW COLUMNS FROM `api_project` [ RunTime:0.056113s ]
SQL: SELECT * FROM `api_project`  [ RunTime:0.000336s ]
INFO: [ view_parse ] --START--
INFO: [ template_filter ] --START--
INFO: Run Behavior\ContentReplaceBehavior [ RunTime:0.000043s ]
INFO: [ template_filter ] --END-- [ RunTime:0.000116s ]
INFO: Run Behavior\ParseTemplateBehavior [ RunTime:0.007716s ]
INFO: [ view_parse ] --END-- [ RunTime:0.007779s ]
INFO: [ view_filter ] --START--
INFO: Run Behavior\WriteHtmlCacheBehavior [ RunTime:0.000163s ]
INFO: [ view_filter ] --END-- [ RunTime:0.000214s ]
INFO: [ app_end ] --START--
INFO: Run Behavior\ShowPageTraceBehavior [ RunTime:0.000556s ]
INFO: [ app_end ] --END-- [ RunTime:0.000609s ]

[ 2014-07-04T15:16:39+08:00 ] ::1 /ThinkPHP/index.php/Home/Project/index
INFO: [ app_init ] --START--
INFO: Run Behavior\BuildLiteBehavior [ RunTime:0.000011s ]
INFO: [ app_init ] --END-- [ RunTime:0.000225s ]
INFO: [ app_begin ] --START--
INFO: Run Behavior\ReadHtmlCacheBehavior [ RunTime:0.000294s ]
INFO: [ app_begin ] --END-- [ RunTime:0.000329s ]
NOTIC: [8] A session had already been started - ignoring session_start() /Users/fudg/Desktop/www/ThinkPHP/ThinkPHP/Common/functions.php 第 1169 行.
NOTIC: [2048] Declaration of Home\Model\ApiModel::_after_select() should be compatible with Think\Model::_after_select(&$resultSet, $options) /Users/fudg/Desktop/www/ThinkPHP/Application/Home/Model/ProjectModel.class.php 第 11 行.
SQL: SHOW COLUMNS FROM `api_project` [ RunTime:0.002752s ]
SQL: SELECT * FROM `api_project`  [ RunTime:0.000275s ]
INFO: [ view_parse ] --START--
INFO: [ template_filter ] --START--
INFO: Run Behavior\ContentReplaceBehavior [ RunTime:0.000027s ]
INFO: [ template_filter ] --END-- [ RunTime:0.000074s ]
INFO: Run Behavior\ParseTemplateBehavior [ RunTime:0.005938s ]
INFO: [ view_parse ] --END-- [ RunTime:0.005975s ]
INFO: [ view_filter ] --START--
INFO: Run Behavior\WriteHtmlCacheBehavior [ RunTime:0.000100s ]
INFO: [ view_filter ] --END-- [ RunTime:0.000130s ]
INFO: [ app_end ] --START--
INFO: Run Behavior\ShowPageTraceBehavior [ RunTime:0.000362s ]
INFO: [ app_end ] --END-- [ RunTime:0.000409s ]

[ 2014-07-04T15:16:40+08:00 ] ::1 /ThinkPHP/index.php/Home/Project/index
INFO: [ app_init ] --START--
INFO: Run Behavior\BuildLiteBehavior [ RunTime:0.000014s ]
INFO: [ app_init ] --END-- [ RunTime:0.000268s ]
INFO: [ app_begin ] --START--
INFO: Run Behavior\ReadHtmlCacheBehavior [ RunTime:0.000397s ]
INFO: [ app_begin ] --END-- [ RunTime:0.000463s ]
NOTIC: [8] A session had already been started - ignoring session_start() /Users/fudg/Desktop/www/ThinkPHP/ThinkPHP/Common/functions.php 第 1169 行.
NOTIC: [2048] Declaration of Home\Model\ApiModel::_after_select() should be compatible with Think\Model::_after_select(&$resultSet, $options) /Users/fudg/Desktop/www/ThinkPHP/Application/Home/Model/ProjectModel.class.php 第 11 行.
SQL: SHOW COLUMNS FROM `api_project` [ RunTime:0.058081s ]
SQL: SELECT * FROM `api_project`  [ RunTime:0.000322s ]
INFO: [ view_parse ] --START--
INFO: [ template_filter ] --START--
INFO: Run Behavior\ContentReplaceBehavior [ RunTime:0.000035s ]
INFO: [ template_filter ] --END-- [ RunTime:0.000078s ]
INFO: Run Behavior\ParseTemplateBehavior [ RunTime:0.004864s ]
INFO: [ view_parse ] --END-- [ RunTime:0.004903s ]
INFO: [ view_filter ] --START--
INFO: Run Behavior\WriteHtmlCacheBehavior [ RunTime:0.000100s ]
INFO: [ view_filter ] --END-- [ RunTime:0.000130s ]
INFO: [ app_end ] --START--
INFO: Run Behavior\ShowPageTraceBehavior [ RunTime:0.000340s ]
INFO: [ app_end ] --END-- [ RunTime:0.000389s ]

[ 2014-07-04T15:16:40+08:00 ] ::1 /ThinkPHP/index.php/Home/Project/index
INFO: [ app_init ] --START--
INFO: Run Behavior\BuildLiteBehavior [ RunTime:0.000012s ]
INFO: [ app_init ] --END-- [ RunTime:0.000231s ]
INFO: [ app_begin ] --START--
INFO: Run Behavior\ReadHtmlCacheBehavior [ RunTime:0.000338s ]
INFO: [ app_begin ] --END-- [ RunTime:0.000374s ]
NOTIC: [8] A session had already been started - ignoring session_start() /Users/fudg/Desktop/www/ThinkPHP/ThinkPHP/Common/functions.php 第 1169 行.
NOTIC: [2048] Declaration of Home\Model\ApiModel::_after_select() should be compatible with Think\Model::_after_select(&$resultSet, $options) /Users/fudg/Desktop/www/ThinkPHP/Application/Home/Model/ProjectModel.class.php 第 11 行.
SQL: SHOW COLUMNS FROM `api_project` [ RunTime:0.136057s ]
SQL: SELECT * FROM `api_project`  [ RunTime:0.000270s ]
INFO: [ view_parse ] --START--
INFO: [ template_filter ] --START--
INFO: Run Behavior\ContentReplaceBehavior [ RunTime:0.000027s ]
INFO: [ template_filter ] --END-- [ RunTime:0.000071s ]
INFO: Run Behavior\ParseTemplateBehavior [ RunTime:0.005571s ]
INFO: [ view_parse ] --END-- [ RunTime:0.005610s ]
INFO: [ view_filter ] --START--
INFO: Run Behavior\WriteHtmlCacheBehavior [ RunTime:0.000101s ]
INFO: [ view_filter ] --END-- [ RunTime:0.000132s ]
INFO: [ app_end ] --START--
INFO: Run Behavior\ShowPageTraceBehavior [ RunTime:0.000400s ]
INFO: [ app_end ] --END-- [ RunTime:0.000442s ]

[ 2014-07-04T15:16:40+08:00 ] ::1 /ThinkPHP/index.php/Home/Project/index
INFO: [ app_init ] --START--
INFO: Run Behavior\BuildLiteBehavior [ RunTime:0.000033s ]
INFO: [ app_init ] --END-- [ RunTime:0.000538s ]
INFO: [ app_begin ] --START--
INFO: Run Behavior\ReadHtmlCacheBehavior [ RunTime:0.000406s ]
INFO: [ app_begin ] --END-- [ RunTime:0.000473s ]
NOTIC: [8] A session had already been started - ignoring session_start() /Users/fudg/Desktop/www/ThinkPHP/ThinkPHP/Common/functions.php 第 1169 行.
NOTIC: [2048] Declaration of Home\Model\ApiModel::_after_select() should be compatible with Think\Model::_after_select(&$resultSet, $options) /Users/fudg/Desktop/www/ThinkPHP/Application/Home/Model/ProjectModel.class.php 第 11 行.
SQL: SHOW COLUMNS FROM `api_project` [ RunTime:0.002871s ]
SQL: SELECT * FROM `api_project`  [ RunTime:0.000357s ]
INFO: [ view_parse ] --START--
INFO: [ template_filter ] --START--
INFO: Run Behavior\ContentReplaceBehavior [ RunTime:0.000028s ]
INFO: [ template_filter ] --END-- [ RunTime:0.000072s ]
INFO: Run Behavior\ParseTemplateBehavior [ RunTime:0.005377s ]
INFO: [ view_parse ] --END-- [ RunTime:0.005423s ]
INFO: [ view_filter ] --START--
INFO: Run Behavior\WriteHtmlCacheBehavior [ RunTime:0.000117s ]
INFO: [ view_filter ] --END-- [ RunTime:0.000149s ]
INFO: [ app_end ] --START--
INFO: Run Behavior\ShowPageTraceBehavior [ RunTime:0.000350s ]
INFO: [ app_end ] --END-- [ RunTime:0.000383s ]

