Archive:  /home/www/miliguli/wwwroot/haihang.zip
  inflating: ./haihang/index.html    
  inflating: ./haihang/log.php       
  inflating: ./haihang/setViewportDpi.html  
  inflating: ./haihang/setViewportScal.html  
  inflating: ./haihang/test.txt      
  inflating: ./haihang/weixinMsg.php  
  inflating: ./haihang/wx_sample.php  
  inflating: ./haihang/css/animation.css  
  inflating: ./haihang/css/app.css   
  inflating: ./haihang/images/feiji.png  
  inflating: ./haihang/images/feijiA.png  
  inflating: ./haihang/images/icons.png  
  inflating: ./haihang/images/icons_01.png  
  inflating: ./haihang/images/icons_02.png  
  inflating: ./haihang/images/index_01.png  
  inflating: ./haihang/images/info_01.png  
  inflating: ./haihang/images/info_03.jpg  
  inflating: ./haihang/images/info_03.png  
  inflating: ./haihang/images/info_05.png  
  inflating: ./haihang/images/jiantou.png  
  inflating: ./haihang/images/jiantou_01.png  
  inflating: ./haihang/images/jichang_01.png  
  inflating: ./haihang/images/jichang_02.png  
  inflating: ./haihang/images/jichang_03.png  
  inflating: ./haihang/images/jichang_04.png  
  inflating: ./haihang/images/jichang_06.png  
  inflating: ./haihang/images/jichang_07.png  
  inflating: ./haihang/images/jichang_08.png  
  inflating: ./haihang/images/jichang_09.png  
  inflating: ./haihang/images/jichang_10.png  
  inflating: ./haihang/images/jichang_11.png  
  inflating: ./haihang/images/logo.png  
  inflating: ./haihang/images/music.mp3  
  inflating: ./haihang/images/music.png  
  inflating: ./haihang/images/music_off.png  
  inflating: ./haihang/images/music_on.png  
  inflating: ./haihang/images/number.png  
  inflating: ./haihang/images/number1.png  
  inflating: ./haihang/images/number1_1.png  
  inflating: ./haihang/images/number_02.png  
  inflating: ./haihang/images/number_bg.png  
  inflating: ./haihang/images/tel.png  
  inflating: ./haihang/js/app.js     
  inflating: ./haihang/js/index.js   
  inflating: ./haihang/css/global/global.css  
  inflating: ./haihang/css/global/size.css  
  inflating: ./haihang/js/data/data.js  
  inflating: ./haihang/js/global/common.js  
  inflating: ./haihang/js/global/global.js  
  inflating: ./haihang/js/global/hack.js  
  inflating: ./haihang/js/global/init.js  
  inflating: ./haihang/js/global/storage.js  
  inflating: ./haihang/js/lib/Fish.js  
  inflating: ./haihang/js/lib/JSON2.js  
  inflating: ./haihang/js/lib/Slider.js  
  inflating: ./haihang/js/lib/ejs_production.js  
  inflating: ./haihang/js/lib/require.js  
  inflating: ./haihang/js/lib/weixin.js  
  inflating: ./haihang/js/lib/wxshare.js  
  inflating: ./haihang/js/lib/zepto.dirction.js  
  inflating: ./haihang/js/lib/zepto.fx.js  
  inflating: ./haihang/js/lib/zepto.min.js  
  inflating: ./haihang/js/lib/zepto.pageSlider.js  
  inflating: ./haihang/js/public/banjia.js  
  inflating: ./haihang/js/public/configs.js  
  inflating: ./haihang/js/public/functions.js  
  inflating: ./haihang/js/public/koudai.js  
